[    9401ms] [WARNING] The following feature variant assignments were not provided; please add them to an ExperimentationProvider: value_planstarter_plan @ https://frontends.udemycdn.com/frontends-homepage/_next/static/chunks/pages/_app-b224ea5cbb64cb36.js:0
[    9473ms] [WARNING] The following feature variant assignments were not provided; please add them to an ExperimentationProvider: value_planstarter_plan @ https://frontends.udemycdn.com/frontends-homepage/_next/static/chunks/pages/_app-b224ea5cbb64cb36.js:0
[    9580ms] [WARNING] The following feature variant assignments were not provided; please add them to an ExperimentationProvider: value_planstarter_plan @ https://frontends.udemycdn.com/frontends-homepage/_next/static/chunks/pages/_app-b224ea5cbb64cb36.js:0
[    9602ms] [WARNING] The following feature variant assignments were not provided; please add them to an ExperimentationProvider: value_planstarter_plan @ https://frontends.udemycdn.com/frontends-homepage/_next/static/chunks/pages/_app-b224ea5cbb64cb36.js:0
[    9624ms] [WARNING] The following feature variant assignments were not provided; please add them to an ExperimentationProvider: value_planstarter_plan @ https://frontends.udemycdn.com/frontends-homepage/_next/static/chunks/pages/_app-b224ea5cbb64cb36.js:0
[    9648ms] [WARNING] The following feature variant assignments were not provided; please add them to an ExperimentationProvider: value_planstarter_plan @ https://frontends.udemycdn.com/frontends-homepage/_next/static/chunks/pages/_app-b224ea5cbb64cb36.js:0
[    9669ms] [WARNING] The following feature variant assignments were not provided; please add them to an ExperimentationProvider: value_planstarter_plan @ https://frontends.udemycdn.com/frontends-homepage/_next/static/chunks/pages/_app-b224ea5cbb64cb36.js:0
[    9708ms] [WARNING] The following feature variant assignments were not provided; please add them to an ExperimentationProvider: value_planstarter_plan @ https://frontends.udemycdn.com/frontends-homepage/_next/static/chunks/pages/_app-b224ea5cbb64cb36.js:0
[   10078ms] [WARNING] The following feature variant assignments were not provided; please add them to an ExperimentationProvider: value_planstarter_plan @ https://frontends.udemycdn.com/frontends-homepage/_next/static/chunks/pages/_app-b224ea5cbb64cb36.js:0
[   10311ms] [WARNING] The following feature variant assignments were not provided; please add them to an ExperimentationProvider: personal_plan_course_enrollment @ https://frontends.udemycdn.com/frontends-homepage/_next/static/chunks/pages/_app-b224ea5cbb64cb36.js:0
[   10317ms] [WARNING] The following feature variant assignments were not provided; please add them to an ExperimentationProvider: personal_plan_course_enrollment @ https://frontends.udemycdn.com/frontends-homepage/_next/static/chunks/pages/_app-b224ea5cbb64cb36.js:0
[   10320ms] [WARNING] The following feature variant assignments were not provided; please add them to an ExperimentationProvider: personal_plan_course_enrollment @ https://frontends.udemycdn.com/frontends-homepage/_next/static/chunks/pages/_app-b224ea5cbb64cb36.js:0
[   10322ms] [WARNING] The following feature variant assignments were not provided; please add them to an ExperimentationProvider: personal_plan_course_enrollment @ https://frontends.udemycdn.com/frontends-homepage/_next/static/chunks/pages/_app-b224ea5cbb64cb36.js:0
[   10325ms] [WARNING] The following feature variant assignments were not provided; please add them to an ExperimentationProvider: personal_plan_course_enrollment @ https://frontends.udemycdn.com/frontends-homepage/_next/static/chunks/pages/_app-b224ea5cbb64cb36.js:0
[   10327ms] [WARNING] The following feature variant assignments were not provided; please add them to an ExperimentationProvider: personal_plan_course_enrollment @ https://frontends.udemycdn.com/frontends-homepage/_next/static/chunks/pages/_app-b224ea5cbb64cb36.js:0
[   10331ms] [WARNING] The following feature variant assignments were not provided; please add them to an ExperimentationProvider: personal_plan_course_enrollment @ https://frontends.udemycdn.com/frontends-homepage/_next/static/chunks/pages/_app-b224ea5cbb64cb36.js:0
[   10334ms] [WARNING] The following feature variant assignments were not provided; please add them to an ExperimentationProvider: personal_plan_course_enrollment @ https://frontends.udemycdn.com/frontends-homepage/_next/static/chunks/pages/_app-b224ea5cbb64cb36.js:0
[   10337ms] [WARNING] The following feature variant assignments were not provided; please add them to an ExperimentationProvider: personal_plan_course_enrollment @ https://frontends.udemycdn.com/frontends-homepage/_next/static/chunks/pages/_app-b224ea5cbb64cb36.js:0
[   10340ms] [WARNING] The following feature variant assignments were not provided; please add them to an ExperimentationProvider: personal_plan_course_enrollment @ https://frontends.udemycdn.com/frontends-homepage/_next/static/chunks/pages/_app-b224ea5cbb64cb36.js:0
[   10343ms] [WARNING] The following feature variant assignments were not provided; please add them to an ExperimentationProvider: personal_plan_course_enrollment @ https://frontends.udemycdn.com/frontends-homepage/_next/static/chunks/pages/_app-b224ea5cbb64cb36.js:0
[   10348ms] [WARNING] The following feature variant assignments were not provided; please add them to an ExperimentationProvider: personal_plan_course_enrollment @ https://frontends.udemycdn.com/frontends-homepage/_next/static/chunks/pages/_app-b224ea5cbb64cb36.js:0
[   10351ms] [WARNING] The following feature variant assignments were not provided; please add them to an ExperimentationProvider: personal_plan_course_enrollment @ https://frontends.udemycdn.com/frontends-homepage/_next/static/chunks/pages/_app-b224ea5cbb64cb36.js:0
[   10354ms] [WARNING] The following feature variant assignments were not provided; please add them to an ExperimentationProvider: personal_plan_course_enrollment @ https://frontends.udemycdn.com/frontends-homepage/_next/static/chunks/pages/_app-b224ea5cbb64cb36.js:0
[   10357ms] [WARNING] The following feature variant assignments were not provided; please add them to an ExperimentationProvider: personal_plan_course_enrollment @ https://frontends.udemycdn.com/frontends-homepage/_next/static/chunks/pages/_app-b224ea5cbb64cb36.js:0
[   10360ms] [WARNING] The following feature variant assignments were not provided; please add them to an ExperimentationProvider: personal_plan_course_enrollment @ https://frontends.udemycdn.com/frontends-homepage/_next/static/chunks/pages/_app-b224ea5cbb64cb36.js:0
[   10363ms] [WARNING] The following feature variant assignments were not provided; please add them to an ExperimentationProvider: personal_plan_course_enrollment @ https://frontends.udemycdn.com/frontends-homepage/_next/static/chunks/pages/_app-b224ea5cbb64cb36.js:0
[   10365ms] [WARNING] The following feature variant assignments were not provided; please add them to an ExperimentationProvider: personal_plan_course_enrollment @ https://frontends.udemycdn.com/frontends-homepage/_next/static/chunks/pages/_app-b224ea5cbb64cb36.js:0
[   11503ms] [WARNING] Amplitude Logger [Warn]: `options.defaultTracking` is set to undefined. This implicitly configures your Amplitude instance to track Page Views, Sessions, File Downloads, and Form Interactions. You can suppress this warning by explicitly setting a value to `options.defaultTracking`. The value must either be a boolean, to enable and disable all default events, or an object, for advanced configuration. For example:

amplitude.init(<YOUR_API_KEY>, {
  defaultTracking: true,
});

Visit https://www.docs.developers.amplitude.com/data/sdks/browser-2/#tracking-default-events for more details. @ https://frontends.udemycdn.com/frontends-homepage/_next/static/chunks/pages/_app-b224ea5cbb64cb36.js:0
[   11560ms] [ERROR] Not signed in with the identity provider. @ https://www.udemy.com/?utm_campaign=Brand-Udemy_la.EN_cc.ROW&utm_source=google&utm_medium=paid-search&portfolio=BrandDirect&utm_audience=mx&utm_tactic=brand&utm_term=_._ag_80315195513_._ad_535757779892_._kw_udemy&utm_content=g&funnel=&test=&gad_source=1&gad_campaignid=6615782791&gbraid=0AAAAADROdO113pMszZLfS1OyuadXdFCky&gclid=EAIaIQobChMIjMXgxMHWkwMV2o9QBh2VlgWIEAAYASAAEgKPRfD_BwE:0
[   11674ms] [ERROR] Failed to load resource: the server responded with a status of 400 () @ https://www.udemy.com/api-2.0/visits/me/datadog-increment-logs/:0
[   12324ms] [ERROR] Amplitude Logger [Error]: Failed to fetch decide data TypeError: Failed to fetch @ https://frontends.udemycdn.com/frontends-homepage/_next/static/chunks/pages/_app-b224ea5cbb64cb36.js:0
[   13730ms] [WARNING] The following feature variant assignments were not provided; please add them to an ExperimentationProvider: value_planstarter_plan @ https://www.udemy.com/staticx/udemy/js/webpack/vendors-node_modules_udemy_browse-event-tracking_dist_esm_index_js-node_modules_udemy_react-c-6dee3a.4aa6d73709637805c091.js:1
[   13741ms] [WARNING] The following feature variant assignments were not provided; please add them to an ExperimentationProvider: value_planstarter_plan @ https://www.udemy.com/staticx/udemy/js/webpack/vendors-node_modules_udemy_browse-event-tracking_dist_esm_index_js-node_modules_udemy_react-c-6dee3a.4aa6d73709637805c091.js:1
[   15280ms] [WARNING] The following feature variant assignments were not provided; please add them to an ExperimentationProvider: value_planstarter_plan @ https://www.udemy.com/staticx/udemy/js/webpack/vendors-node_modules_udemy_browse-event-tracking_dist_esm_index_js-node_modules_udemy_react-c-6dee3a.4aa6d73709637805c091.js:1
[   15329ms] [ERROR] Failed to load resource: net::ERR_FAILED @ chrome-extension://invalid/:0
[   15337ms] [ERROR] Failed to load resource: net::ERR_FAILED @ chrome-extension://invalid/:0
[   15342ms] [ERROR] Failed to load resource: net::ERR_FAILED @ chrome-extension://invalid/:0
[   15345ms] [ERROR] Failed to load resource: net::ERR_FAILED @ chrome-extension://invalid/:0
[   15348ms] [ERROR] Failed to load resource: net::ERR_FAILED @ chrome-extension://invalid/:0
[   15360ms] [ERROR] Failed to load resource: net::ERR_FAILED @ chrome-extension://invalid/:0
[   15360ms] [ERROR] Not signed in with the identity provider. @ https://www.udemy.com/join/passwordless-auth/?locale=en_US&next=https%3A%2F%2Fwww.udemy.com%2F%3Futm_campaign%3DBrand-Udemy_la.EN_cc.ROW%26utm_source%3Dgoogle%26utm_medium%3Dpaid-search%26portfolio%3DBrandDirect%26utm_audience%3Dmx%26utm_tactic%3Dbrand%26utm_term%3D_._ag_80315195513_._ad_535757779892_._kw_udemy%26utm_content%3Dg%26funnel%3D%26test%3D%26gad_source%3D1%26gad_campaignid%3D6615782791%26gbraid%3D0AAAAADROdO113pMszZLfS1OyuadXdFCky%26gclid%3DEAIaIQobChMIjMXgxMHWkwMV2o9QBh2VlgWIEAAYASAAEgKPRfD_BwE&response_type=html&action=login&mode:0
[   15364ms] [ERROR] Failed to load resource: net::ERR_FAILED @ chrome-extension://invalid/:0
[   15459ms] [ERROR] [GSI_LOGGER]: FedCM get() rejects with AbortError: signal is aborted without reason @ https://www.datadoghq-browser-agent.com/us1/v4/datadog-rum.js:0
[   16738ms] [WARNING] Amplitude Logger [Warn]: `options.defaultTracking` is set to undefined. This implicitly configures your Amplitude instance to track Page Views, Sessions, File Downloads, and Form Interactions. You can suppress this warning by explicitly setting a value to `options.defaultTracking`. The value must either be a boolean, to enable and disable all default events, or an object, for advanced configuration. For example:

amplitude.init(<YOUR_API_KEY>, {
  defaultTracking: true,
});

Visit https://www.docs.developers.amplitude.com/data/sdks/browser-2/#tracking-default-events for more details. @ https://www.udemy.com/staticx/udemy/js/webpack/entry-main-vendor.ac88b858b2f89aa9317d.js:1
[   16810ms] [ERROR] Failed to load resource: the server responded with a status of 400 () @ https://www.udemy.com/api-2.0/visits/me/datadog-increment-logs/:0
[   17513ms] [WARNING] The following feature variant assignments were not provided; please add them to an ExperimentationProvider: value_planstarter_plan @ https://www.udemy.com/staticx/udemy/js/webpack/vendors-node_modules_udemy_browse-event-tracking_dist_esm_index_js-node_modules_udemy_react-c-6dee3a.4aa6d73709637805c091.js:1
[   17526ms] [WARNING] The following feature variant assignments were not provided; please add them to an ExperimentationProvider: value_planstarter_plan @ https://www.udemy.com/staticx/udemy/js/webpack/vendors-node_modules_udemy_browse-event-tracking_dist_esm_index_js-node_modules_udemy_react-c-6dee3a.4aa6d73709637805c091.js:1
[   17533ms] [ERROR] Failed to load resource: net::ERR_NAME_NOT_RESOLVED @ https://pixel.pointmediatracker.com/kpi?c=udemy&tag_id=288&user_id=041e6721af314330a37df71ab0838d1a&kpi=visit&fpc=70999af2-deea-4be3-9df1-5366c24156c1&utm_medium=direct&utm_source=direct&utm_campaign=undefined&gtmcb=305435371:0
[   18095ms] [ERROR] Attestation check for Attribution Reporting on https://www.facebook.com failed. @ https://www.udemy.com/join/passwordless-auth/?locale=en_US&next=https%3A%2F%2Fwww.udemy.com%2F%3Futm_campaign%3DBrand-Udemy_la.EN_cc.ROW%26utm_source%3Dgoogle%26utm_medium%3Dpaid-search%26portfolio%3DBrandDirect%26utm_audience%3Dmx%26utm_tactic%3Dbrand%26utm_term%3D_._ag_80315195513_._ad_535757779892_._kw_udemy%26utm_content%3Dg%26funnel%3D%26test%3D%26gad_source%3D1%26gad_campaignid%3D6615782791%26gbraid%3D0AAAAADROdO113pMszZLfS1OyuadXdFCky%26gclid%3DEAIaIQobChMIjMXgxMHWkwMV2o9QBh2VlgWIEAAYASAAEgKPRfD_BwE&response_type=html&action=login&mode:0
[   33029ms] [ERROR] Access to XMLHttpRequest at 'https://stats.g.doubleclick.net/j/collect?t=dc&aip=1&_r=3&v=1&_v=j102&tid=UA-12366301-1&cid=2103630573.1775385281&jid=2044382258&gjid=664424302&_gid=1766517603.1775385281&_u=aGDAgEABAAAAAGgAIAC~&z=136612077' from origin 'https://www.udemy.com' has been blocked by CORS policy: Response to preflight request doesn't pass access control check: The value of the 'Access-Control-Allow-Origin' header in the response must not be the wildcard '*' when the request's credentials mode is 'include'. The credentials mode of requests initiated by the XMLHttpRequest is controlled by the withCredentials attribute. @ https://www.udemy.com/join/passwordless-auth/?locale=en_US&next=https%3A%2F%2Fwww.udemy.com%2F%3Futm_campaign%3DBrand-Udemy_la.EN_cc.ROW%26utm_source%3Dgoogle%26utm_medium%3Dpaid-search%26portfolio%3DBrandDirect%26utm_audience%3Dmx%26utm_tactic%3Dbrand%26utm_term%3D_._ag_80315195513_._ad_535757779892_._kw_udemy%26utm_content%3Dg%26funnel%3D%26test%3D%26gad_source%3D1%26gad_campaignid%3D6615782791%26gbraid%3D0AAAAADROdO113pMszZLfS1OyuadXdFCky%26gclid%3DEAIaIQobChMIjMXgxMHWkwMV2o9QBh2VlgWIEAAYASAAEgKPRfD_BwE&response_type=html&action=login&mode:0
[   33029ms] [ERROR] Failed to load resource: net::ERR_FAILED @ https://stats.g.doubleclick.net/j/collect?t=dc&aip=1&_r=3&v=1&_v=j102&tid=UA-12366301-1&cid=2103630573.1775385281&jid=2044382258&gjid=664424302&_gid=1766517603.1775385281&_u=aGDAgEABAAAAAGgAIAC~&z=136612077:0
[   93017ms] [WARNING] Amplitude Logger [Warn]: `options.defaultTracking` is set to undefined. This implicitly configures your Amplitude instance to track Page Views, Sessions, File Downloads, and Form Interactions. You can suppress this warning by explicitly setting a value to `options.defaultTracking`. The value must either be a boolean, to enable and disable all default events, or an object, for advanced configuration. For example:

amplitude.init(<YOUR_API_KEY>, {
  defaultTracking: true,
});

Visit https://www.docs.developers.amplitude.com/data/sdks/browser-2/#tracking-default-events for more details. @ https://www.udemy.com/staticx/udemy/js/webpack/entry-main-vendor.ac88b858b2f89aa9317d.js:1
[   93065ms] [WARNING] The following feature variant assignments were not provided; please add them to an ExperimentationProvider: value_planstarter_plan @ https://www.udemy.com/staticx/udemy/js/webpack/discovery-common.f9595e0b6d17d6d2f4e0.js:0
[   93073ms] [WARNING] The following feature variant assignments were not provided; please add them to an ExperimentationProvider: value_planstarter_plan @ https://www.udemy.com/staticx/udemy/js/webpack/discovery-common.f9595e0b6d17d6d2f4e0.js:0
[   93215ms] [ERROR] Failed to load resource: the server responded with a status of 400 () @ https://www.udemy.com/api-2.0/visits/me/datadog-increment-logs/:0
[   93913ms] [WARNING] The following feature variant assignments were not provided; please add them to an ExperimentationProvider: value_planstarter_plan @ https://www.udemy.com/staticx/udemy/js/webpack/discovery-common.f9595e0b6d17d6d2f4e0.js:0
[   95257ms] [WARNING] The following feature variant assignments were not provided; please add them to an ExperimentationProvider: value_planstarter_plan @ https://www.udemy.com/staticx/udemy/js/webpack/discovery-common.f9595e0b6d17d6d2f4e0.js:0
[   95261ms] [WARNING] The following feature variant assignments were not provided; please add them to an ExperimentationProvider: value_planstarter_plan @ https://www.udemy.com/staticx/udemy/js/webpack/discovery-common.f9595e0b6d17d6d2f4e0.js:0
[   95264ms] [WARNING] The following feature variant assignments were not provided; please add them to an ExperimentationProvider: value_planstarter_plan @ https://www.udemy.com/staticx/udemy/js/webpack/discovery-common.f9595e0b6d17d6d2f4e0.js:0
[   95266ms] [WARNING] The following feature variant assignments were not provided; please add them to an ExperimentationProvider: value_planstarter_plan @ https://www.udemy.com/staticx/udemy/js/webpack/discovery-common.f9595e0b6d17d6d2f4e0.js:0
[   95270ms] [WARNING] The following feature variant assignments were not provided; please add them to an ExperimentationProvider: value_planstarter_plan @ https://www.udemy.com/staticx/udemy/js/webpack/discovery-common.f9595e0b6d17d6d2f4e0.js:0
[   95274ms] [WARNING] The following feature variant assignments were not provided; please add them to an ExperimentationProvider: value_planstarter_plan @ https://www.udemy.com/staticx/udemy/js/webpack/discovery-common.f9595e0b6d17d6d2f4e0.js:0
[   95275ms] [WARNING] The following feature variant assignments were not provided; please add them to an ExperimentationProvider: value_planstarter_plan @ https://www.udemy.com/staticx/udemy/js/webpack/discovery-common.f9595e0b6d17d6d2f4e0.js:0
[   95277ms] [WARNING] The following feature variant assignments were not provided; please add them to an ExperimentationProvider: value_planstarter_plan @ https://www.udemy.com/staticx/udemy/js/webpack/discovery-common.f9595e0b6d17d6d2f4e0.js:0
[   95278ms] [WARNING] The following feature variant assignments were not provided; please add them to an ExperimentationProvider: value_planstarter_plan @ https://www.udemy.com/staticx/udemy/js/webpack/discovery-common.f9595e0b6d17d6d2f4e0.js:0
[   95280ms] [WARNING] The following feature variant assignments were not provided; please add them to an ExperimentationProvider: value_planstarter_plan @ https://www.udemy.com/staticx/udemy/js/webpack/discovery-common.f9595e0b6d17d6d2f4e0.js:0
[   95282ms] [WARNING] The following feature variant assignments were not provided; please add them to an ExperimentationProvider: value_planstarter_plan @ https://www.udemy.com/staticx/udemy/js/webpack/discovery-common.f9595e0b6d17d6d2f4e0.js:0
[   95283ms] [WARNING] The following feature variant assignments were not provided; please add them to an ExperimentationProvider: value_planstarter_plan @ https://www.udemy.com/staticx/udemy/js/webpack/discovery-common.f9595e0b6d17d6d2f4e0.js:0
[   95287ms] [WARNING] The following feature variant assignments were not provided; please add them to an ExperimentationProvider: value_planstarter_plan @ https://www.udemy.com/staticx/udemy/js/webpack/discovery-common.f9595e0b6d17d6d2f4e0.js:0
[   95290ms] [WARNING] The following feature variant assignments were not provided; please add them to an ExperimentationProvider: value_planstarter_plan @ https://www.udemy.com/staticx/udemy/js/webpack/discovery-common.f9595e0b6d17d6d2f4e0.js:0
[   95291ms] [WARNING] The following feature variant assignments were not provided; please add them to an ExperimentationProvider: value_planstarter_plan @ https://www.udemy.com/staticx/udemy/js/webpack/discovery-common.f9595e0b6d17d6d2f4e0.js:0
[   95292ms] [WARNING] The following feature variant assignments were not provided; please add them to an ExperimentationProvider: value_planstarter_plan @ https://www.udemy.com/staticx/udemy/js/webpack/discovery-common.f9595e0b6d17d6d2f4e0.js:0
[   95294ms] [WARNING] The following feature variant assignments were not provided; please add them to an ExperimentationProvider: value_planstarter_plan @ https://www.udemy.com/staticx/udemy/js/webpack/discovery-common.f9595e0b6d17d6d2f4e0.js:0
[   95295ms] [WARNING] The following feature variant assignments were not provided; please add them to an ExperimentationProvider: value_planstarter_plan @ https://www.udemy.com/staticx/udemy/js/webpack/discovery-common.f9595e0b6d17d6d2f4e0.js:0
[   95297ms] [WARNING] The following feature variant assignments were not provided; please add them to an ExperimentationProvider: value_planstarter_plan @ https://www.udemy.com/staticx/udemy/js/webpack/discovery-common.f9595e0b6d17d6d2f4e0.js:0
[   95298ms] [WARNING] The following feature variant assignments were not provided; please add them to an ExperimentationProvider: value_planstarter_plan @ https://www.udemy.com/staticx/udemy/js/webpack/discovery-common.f9595e0b6d17d6d2f4e0.js:0
[   95300ms] [WARNING] The following feature variant assignments were not provided; please add them to an ExperimentationProvider: value_planstarter_plan @ https://www.udemy.com/staticx/udemy/js/webpack/discovery-common.f9595e0b6d17d6d2f4e0.js:0
[   95301ms] [WARNING] The following feature variant assignments were not provided; please add them to an ExperimentationProvider: value_planstarter_plan @ https://www.udemy.com/staticx/udemy/js/webpack/discovery-common.f9595e0b6d17d6d2f4e0.js:0
[   95303ms] [WARNING] The following feature variant assignments were not provided; please add them to an ExperimentationProvider: value_planstarter_plan @ https://www.udemy.com/staticx/udemy/js/webpack/discovery-common.f9595e0b6d17d6d2f4e0.js:0
[   95305ms] [WARNING] The following feature variant assignments were not provided; please add them to an ExperimentationProvider: value_planstarter_plan @ https://www.udemy.com/staticx/udemy/js/webpack/discovery-common.f9595e0b6d17d6d2f4e0.js:0
[   95309ms] [WARNING] The following feature variant assignments were not provided; please add them to an ExperimentationProvider: value_planstarter_plan @ https://www.udemy.com/staticx/udemy/js/webpack/discovery-common.f9595e0b6d17d6d2f4e0.js:0
[   95312ms] [WARNING] The following feature variant assignments were not provided; please add them to an ExperimentationProvider: value_planstarter_plan @ https://www.udemy.com/staticx/udemy/js/webpack/discovery-common.f9595e0b6d17d6d2f4e0.js:0
[   95314ms] [WARNING] The following feature variant assignments were not provided; please add them to an ExperimentationProvider: value_planstarter_plan @ https://www.udemy.com/staticx/udemy/js/webpack/discovery-common.f9595e0b6d17d6d2f4e0.js:0
[   95316ms] [WARNING] The following feature variant assignments were not provided; please add them to an ExperimentationProvider: value_planstarter_plan @ https://www.udemy.com/staticx/udemy/js/webpack/discovery-common.f9595e0b6d17d6d2f4e0.js:0
[   95318ms] [WARNING] The following feature variant assignments were not provided; please add them to an ExperimentationProvider: value_planstarter_plan @ https://www.udemy.com/staticx/udemy/js/webpack/discovery-common.f9595e0b6d17d6d2f4e0.js:0
[   95319ms] [WARNING] The following feature variant assignments were not provided; please add them to an ExperimentationProvider: value_planstarter_plan @ https://www.udemy.com/staticx/udemy/js/webpack/discovery-common.f9595e0b6d17d6d2f4e0.js:0
[   95321ms] [WARNING] The following feature variant assignments were not provided; please add them to an ExperimentationProvider: value_planstarter_plan @ https://www.udemy.com/staticx/udemy/js/webpack/discovery-common.f9595e0b6d17d6d2f4e0.js:0
[   95323ms] [WARNING] The following feature variant assignments were not provided; please add them to an ExperimentationProvider: value_planstarter_plan @ https://www.udemy.com/staticx/udemy/js/webpack/discovery-common.f9595e0b6d17d6d2f4e0.js:0
[   95325ms] [WARNING] The following feature variant assignments were not provided; please add them to an ExperimentationProvider: value_planstarter_plan @ https://www.udemy.com/staticx/udemy/js/webpack/discovery-common.f9595e0b6d17d6d2f4e0.js:0
[   95327ms] [WARNING] The following feature variant assignments were not provided; please add them to an ExperimentationProvider: value_planstarter_plan @ https://www.udemy.com/staticx/udemy/js/webpack/discovery-common.f9595e0b6d17d6d2f4e0.js:0
[   95328ms] [WARNING] The following feature variant assignments were not provided; please add them to an ExperimentationProvider: value_planstarter_plan @ https://www.udemy.com/staticx/udemy/js/webpack/discovery-common.f9595e0b6d17d6d2f4e0.js:0
[   95330ms] [WARNING] The following feature variant assignments were not provided; please add them to an ExperimentationProvider: value_planstarter_plan @ https://www.udemy.com/staticx/udemy/js/webpack/discovery-common.f9595e0b6d17d6d2f4e0.js:0
[   95340ms] [WARNING] The following feature variant assignments were not provided; please add them to an ExperimentationProvider: value_planstarter_plan @ https://www.udemy.com/staticx/udemy/js/webpack/discovery-common.f9595e0b6d17d6d2f4e0.js:0
[   95343ms] [WARNING] The following feature variant assignments were not provided; please add them to an ExperimentationProvider: value_planstarter_plan @ https://www.udemy.com/staticx/udemy/js/webpack/discovery-common.f9595e0b6d17d6d2f4e0.js:0
[   95347ms] [WARNING] The following feature variant assignments were not provided; please add them to an ExperimentationProvider: value_planstarter_plan @ https://www.udemy.com/staticx/udemy/js/webpack/discovery-common.f9595e0b6d17d6d2f4e0.js:0
[   95350ms] [WARNING] The following feature variant assignments were not provided; please add them to an ExperimentationProvider: value_planstarter_plan @ https://www.udemy.com/staticx/udemy/js/webpack/discovery-common.f9595e0b6d17d6d2f4e0.js:0
[   95354ms] [WARNING] The following feature variant assignments were not provided; please add them to an ExperimentationProvider: value_planstarter_plan @ https://www.udemy.com/staticx/udemy/js/webpack/discovery-common.f9595e0b6d17d6d2f4e0.js:0
[   95356ms] [WARNING] The following feature variant assignments were not provided; please add them to an ExperimentationProvider: value_planstarter_plan @ https://www.udemy.com/staticx/udemy/js/webpack/discovery-common.f9595e0b6d17d6d2f4e0.js:0
[   95359ms] [WARNING] The following feature variant assignments were not provided; please add them to an ExperimentationProvider: value_planstarter_plan @ https://www.udemy.com/staticx/udemy/js/webpack/discovery-common.f9595e0b6d17d6d2f4e0.js:0
[   95364ms] [WARNING] The following feature variant assignments were not provided; please add them to an ExperimentationProvider: value_planstarter_plan @ https://www.udemy.com/staticx/udemy/js/webpack/discovery-common.f9595e0b6d17d6d2f4e0.js:0
[   95366ms] [WARNING] The following feature variant assignments were not provided; please add them to an ExperimentationProvider: value_planstarter_plan @ https://www.udemy.com/staticx/udemy/js/webpack/discovery-common.f9595e0b6d17d6d2f4e0.js:0
[   95368ms] [WARNING] The following feature variant assignments were not provided; please add them to an ExperimentationProvider: value_planstarter_plan @ https://www.udemy.com/staticx/udemy/js/webpack/discovery-common.f9595e0b6d17d6d2f4e0.js:0
[   95372ms] [WARNING] The following feature variant assignments were not provided; please add them to an ExperimentationProvider: value_planstarter_plan @ https://www.udemy.com/staticx/udemy/js/webpack/discovery-common.f9595e0b6d17d6d2f4e0.js:0
[   95374ms] [WARNING] The following feature variant assignments were not provided; please add them to an ExperimentationProvider: value_planstarter_plan @ https://www.udemy.com/staticx/udemy/js/webpack/discovery-common.f9595e0b6d17d6d2f4e0.js:0
[   95377ms] [WARNING] The following feature variant assignments were not provided; please add them to an ExperimentationProvider: value_planstarter_plan @ https://www.udemy.com/staticx/udemy/js/webpack/discovery-common.f9595e0b6d17d6d2f4e0.js:0
[   95379ms] [WARNING] The following feature variant assignments were not provided; please add them to an ExperimentationProvider: value_planstarter_plan @ https://www.udemy.com/staticx/udemy/js/webpack/discovery-common.f9595e0b6d17d6d2f4e0.js:0
[   95381ms] [WARNING] The following feature variant assignments were not provided; please add them to an ExperimentationProvider: value_planstarter_plan @ https://www.udemy.com/staticx/udemy/js/webpack/discovery-common.f9595e0b6d17d6d2f4e0.js:0
[   95383ms] [WARNING] The following feature variant assignments were not provided; please add them to an ExperimentationProvider: value_planstarter_plan @ https://www.udemy.com/staticx/udemy/js/webpack/discovery-common.f9595e0b6d17d6d2f4e0.js:0
[   95385ms] [WARNING] The following feature variant assignments were not provided; please add them to an ExperimentationProvider: value_planstarter_plan @ https://www.udemy.com/staticx/udemy/js/webpack/discovery-common.f9595e0b6d17d6d2f4e0.js:0
[   95387ms] [WARNING] The following feature variant assignments were not provided; please add them to an ExperimentationProvider: value_planstarter_plan @ https://www.udemy.com/staticx/udemy/js/webpack/discovery-common.f9595e0b6d17d6d2f4e0.js:0
[   95390ms] [WARNING] The following feature variant assignments were not provided; please add them to an ExperimentationProvider: value_planstarter_plan @ https://www.udemy.com/staticx/udemy/js/webpack/discovery-common.f9595e0b6d17d6d2f4e0.js:0
[   95489ms] [WARNING] The following feature variant assignments were not provided; please add them to an ExperimentationProvider: cart_loginsignup_redirect_to_checkout @ https://www.udemy.com/staticx/udemy/js/webpack/discovery-common.f9595e0b6d17d6d2f4e0.js:0
[   95490ms] [WARNING] The following feature variant assignments were not provided; please add them to an ExperimentationProvider: value_planstarter_plan @ https://www.udemy.com/staticx/udemy/js/webpack/discovery-common.f9595e0b6d17d6d2f4e0.js:0
[   95497ms] [WARNING] The following feature variant assignments were not provided; please add them to an ExperimentationProvider: cart_loginsignup_redirect_to_checkout @ https://www.udemy.com/staticx/udemy/js/webpack/discovery-common.f9595e0b6d17d6d2f4e0.js:0
[   95498ms] [WARNING] The following feature variant assignments were not provided; please add them to an ExperimentationProvider: value_planstarter_plan @ https://www.udemy.com/staticx/udemy/js/webpack/discovery-common.f9595e0b6d17d6d2f4e0.js:0
[   96203ms] [ERROR] Failed to load resource: net::ERR_NAME_NOT_RESOLVED @ https://pixel.pointmediatracker.com/kpi?c=udemy&tag_id=288&user_id=041e6721af314330a37df71ab0838d1a&kpi=visit&fpc=70999af2-deea-4be3-9df1-5366c24156c1&utm_medium=direct&utm_source=direct&utm_campaign=undefined&gtmcb=1966040358:0
[   96521ms] [WARNING] The following feature variant assignments were not provided; please add them to an ExperimentationProvider: value_planstarter_plan @ https://www.udemy.com/staticx/udemy/js/webpack/discovery-common.f9595e0b6d17d6d2f4e0.js:0
[   96703ms] [ERROR] Attestation check for Attribution Reporting on https://www.facebook.com failed. @ https://www.udemy.com/?utm_campaign=Brand-Udemy_la.EN_cc.ROW&utm_source=google&utm_medium=paid-search&portfolio=BrandDirect&utm_audience=mx&utm_tactic=brand&utm_term=_._ag_80315195513_._ad_535757779892_._kw_udemy&utm_content=g&funnel=&test=&gad_source=1&gad_campaignid=6615782791&gbraid=0AAAAADROdO113pMszZLfS1OyuadXdFCky&gclid=EAIaIQobChMIjMXgxMHWkwMV2o9QBh2VlgWIEAAYASAAEgKPRfD_BwE:0
[  193175ms] [WARNING] The following feature variant assignments were not provided; please add them to an ExperimentationProvider: cart_loginsignup_redirect_to_checkout @ https://www.udemy.com/staticx/udemy/js/webpack/discovery-common.f9595e0b6d17d6d2f4e0.js:0
[  193176ms] [WARNING] The following feature variant assignments were not provided; please add them to an ExperimentationProvider: value_planstarter_plan @ https://www.udemy.com/staticx/udemy/js/webpack/discovery-common.f9595e0b6d17d6d2f4e0.js:0
[  193195ms] [WARNING] The following feature variant assignments were not provided; please add them to an ExperimentationProvider: value_planstarter_plan @ https://www.udemy.com/staticx/udemy/js/webpack/discovery-common.f9595e0b6d17d6d2f4e0.js:0
[  193198ms] [WARNING] The following feature variant assignments were not provided; please add them to an ExperimentationProvider: cart_loginsignup_redirect_to_checkout @ https://www.udemy.com/staticx/udemy/js/webpack/discovery-common.f9595e0b6d17d6d2f4e0.js:0
[  193199ms] [WARNING] The following feature variant assignments were not provided; please add them to an ExperimentationProvider: value_planstarter_plan @ https://www.udemy.com/staticx/udemy/js/webpack/discovery-common.f9595e0b6d17d6d2f4e0.js:0
[  193205ms] [WARNING] The following feature variant assignments were not provided; please add them to an ExperimentationProvider: value_planstarter_plan @ https://www.udemy.com/staticx/udemy/js/webpack/discovery-common.f9595e0b6d17d6d2f4e0.js:0
[  193207ms] [WARNING] The following feature variant assignments were not provided; please add them to an ExperimentationProvider: cart_loginsignup_redirect_to_checkout @ https://www.udemy.com/staticx/udemy/js/webpack/discovery-common.f9595e0b6d17d6d2f4e0.js:0
[  193207ms] [WARNING] The following feature variant assignments were not provided; please add them to an ExperimentationProvider: value_planstarter_plan @ https://www.udemy.com/staticx/udemy/js/webpack/discovery-common.f9595e0b6d17d6d2f4e0.js:0
[  193212ms] [WARNING] The following feature variant assignments were not provided; please add them to an ExperimentationProvider: value_planstarter_plan @ https://www.udemy.com/staticx/udemy/js/webpack/discovery-common.f9595e0b6d17d6d2f4e0.js:0
[  193215ms] [WARNING] The following feature variant assignments were not provided; please add them to an ExperimentationProvider: cart_loginsignup_redirect_to_checkout @ https://www.udemy.com/staticx/udemy/js/webpack/discovery-common.f9595e0b6d17d6d2f4e0.js:0
[  193220ms] [WARNING] The following feature variant assignments were not provided; please add them to an ExperimentationProvider: value_planstarter_plan @ https://www.udemy.com/staticx/udemy/js/webpack/discovery-common.f9595e0b6d17d6d2f4e0.js:0
[  193237ms] [WARNING] The following feature variant assignments were not provided; please add them to an ExperimentationProvider: value_planstarter_plan @ https://www.udemy.com/staticx/udemy/js/webpack/discovery-common.f9595e0b6d17d6d2f4e0.js:0
[  193257ms] [WARNING] The following feature variant assignments were not provided; please add them to an ExperimentationProvider: cart_loginsignup_redirect_to_checkout @ https://www.udemy.com/staticx/udemy/js/webpack/discovery-common.f9595e0b6d17d6d2f4e0.js:0
[  193259ms] [WARNING] The following feature variant assignments were not provided; please add them to an ExperimentationProvider: value_planstarter_plan @ https://www.udemy.com/staticx/udemy/js/webpack/discovery-common.f9595e0b6d17d6d2f4e0.js:0
[  193266ms] [WARNING] The following feature variant assignments were not provided; please add them to an ExperimentationProvider: value_planstarter_plan @ https://www.udemy.com/staticx/udemy/js/webpack/discovery-common.f9595e0b6d17d6d2f4e0.js:0
[  194436ms] [WARNING] The following feature variant assignments were not provided; please add them to an ExperimentationProvider: value_planstarter_plan @ https://www.udemy.com/staticx/udemy/js/webpack/discovery-common.f9595e0b6d17d6d2f4e0.js:0
[  196646ms] [LOG] Kotlin gRPC Example call: {make_call: false} @ https://www.udemy.com/home/my-courses/:1373
[  197244ms] [WARNING] The following feature variant assignments were not provided; please add them to an ExperimentationProvider: value_planstarter_plan @ https://www.udemy.com/staticx/udemy/js/webpack/vendors-node_modules_udemy_icons_dist_bullet_ud-icon-node_modules_udemy_icons_dist_close_ud-i-47c3e5.dbda66ad9a0288d6634f.js:0
[  197257ms] [WARNING] The following feature variant assignments were not provided; please add them to an ExperimentationProvider: value_planstarter_plan @ https://www.udemy.com/staticx/udemy/js/webpack/vendors-node_modules_udemy_icons_dist_bullet_ud-icon-node_modules_udemy_icons_dist_close_ud-i-47c3e5.dbda66ad9a0288d6634f.js:0
[  197300ms] [ERROR] Failed to load resource: the server responded with a status of 400 () @ https://www.udemy.com/api-2.0/visits/me/datadog-increment-logs/:0
[  197901ms] [WARNING] The following feature variant assignments were not provided; please add them to an ExperimentationProvider: value_planstarter_plan @ https://www.udemy.com/staticx/udemy/js/webpack/vendors-node_modules_udemy_icons_dist_bullet_ud-icon-node_modules_udemy_icons_dist_close_ud-i-47c3e5.dbda66ad9a0288d6634f.js:0
[  200433ms] [ERROR] Failed to load resource: net::ERR_NAME_NOT_RESOLVED @ https://pixel.pointmediatracker.com/kpi?c=udemy&tag_id=288&user_id=041e6721af314330a37df71ab0838d1a&kpi=visit&fpc=70999af2-deea-4be3-9df1-5366c24156c1&utm_medium=direct&utm_source=direct&utm_campaign=undefined&gtmcb=1546525945:0
[  200913ms] [ERROR] Attestation check for Attribution Reporting on https://www.facebook.com failed. @ https://www.udemy.com/home/my-courses/learning/:0
[  247434ms] [WARNING] The following feature variant assignments were not provided; please add them to an ExperimentationProvider: value_planstarter_plan @ https://www.udemy.com/staticx/udemy/js/webpack/vendors-node_modules_udemy_icons_dist_bullet_ud-icon-node_modules_udemy_icons_dist_close_ud-i-47c3e5.dbda66ad9a0288d6634f.js:0
[  252170ms] [WARNING] The following feature variant assignments were not provided; please add them to an ExperimentationProvider: ai_assistant_features @ https://www.udemy.com/staticx/udemy/js/webpack/vendors-node_modules_udemy_browse-event-tracking_dist_esm_index_js-node_modules_udemy_react-e-46992e.cc3a88f71050aa0c2200.js:0
[  252241ms] [WARNING] The following feature variant assignments were not provided; please add them to an ExperimentationProvider: ai_assistant_features @ https://www.udemy.com/staticx/udemy/js/webpack/vendors-node_modules_udemy_browse-event-tracking_dist_esm_index_js-node_modules_udemy_react-e-46992e.cc3a88f71050aa0c2200.js:0
[  252463ms] [WARNING] The following feature variant assignments were not provided; please add them to an ExperimentationProvider: ai_assistant_features @ https://www.udemy.com/staticx/udemy/js/webpack/vendors-node_modules_udemy_browse-event-tracking_dist_esm_index_js-node_modules_udemy_react-e-46992e.cc3a88f71050aa0c2200.js:0
[  253367ms] [WARNING] The following feature variant assignments were not provided; please add them to an ExperimentationProvider: ai_assistant_features @ https://www.udemy.com/staticx/udemy/js/webpack/vendors-node_modules_udemy_browse-event-tracking_dist_esm_index_js-node_modules_udemy_react-e-46992e.cc3a88f71050aa0c2200.js:0
[  255299ms] [WARNING] AdvancedDrmConfiguration's videoRobustness and audioRobustness has been deprecated and will be removed in v5.0 . We are currently at version v4.15 . Additional information: These properties are no longer strings but array of strings, please update your usage of these properties. @ https://www.udemy.com/staticx/udemy/js/webpack/vendors-node_modules_mux_mux-data-shakaplayer_dist_shakaplayer-mux_js-node_modules_udemy_icon-dd30a3.95a59027dfe662843407.js:1
[  255469ms] [ERROR] Failed to load resource: the server responded with a status of 400 () @ https://www.udemy.com/api-2.0/visits/me/datadog-increment-logs/:0
[  255627ms] [ERROR] Failed to load resource: net::ERR_NAME_NOT_RESOLVED @ https://pixel.pointmediatracker.com/kpi?c=udemy&tag_id=288&user_id=041e6721af314330a37df71ab0838d1a&kpi=visit&fpc=70999af2-deea-4be3-9df1-5366c24156c1&utm_medium=direct&utm_source=direct&utm_campaign=undefined&gtmcb=754131061:0
[  255930ms] [ERROR] Attestation check for Attribution Reporting on https://www.facebook.com failed. @ https://www.udemy.com/course/ai-coder-from-vibe-coder-to-agentic-engineer/learn/lecture/54780399?start=255#overview:0
[  256351ms] [WARNING] The following feature variant assignments were not provided; please add them to an ExperimentationProvider: ai_assistant_features @ https://www.udemy.com/staticx/udemy/js/webpack/vendors-node_modules_udemy_browse-event-tracking_dist_esm_index_js-node_modules_udemy_react-e-46992e.cc3a88f71050aa0c2200.js:0
[  256379ms] [WARNING] The following feature variant assignments were not provided; please add them to an ExperimentationProvider: ai_assistant_features @ https://www.udemy.com/staticx/udemy/js/webpack/vendors-node_modules_udemy_browse-event-tracking_dist_esm_index_js-node_modules_udemy_react-e-46992e.cc3a88f71050aa0c2200.js:0
[  256408ms] [WARNING] The following feature variant assignments were not provided; please add them to an ExperimentationProvider: ai_assistant_features @ https://www.udemy.com/staticx/udemy/js/webpack/vendors-node_modules_udemy_browse-event-tracking_dist_esm_index_js-node_modules_udemy_react-e-46992e.cc3a88f71050aa0c2200.js:0
[  256436ms] [WARNING] The following feature variant assignments were not provided; please add them to an ExperimentationProvider: ai_assistant_features @ https://www.udemy.com/staticx/udemy/js/webpack/vendors-node_modules_udemy_browse-event-tracking_dist_esm_index_js-node_modules_udemy_react-e-46992e.cc3a88f71050aa0c2200.js:0
[  256457ms] [WARNING] The following feature variant assignments were not provided; please add them to an ExperimentationProvider: ai_assistant_features @ https://www.udemy.com/staticx/udemy/js/webpack/vendors-node_modules_udemy_browse-event-tracking_dist_esm_index_js-node_modules_udemy_react-e-46992e.cc3a88f71050aa0c2200.js:0
[  256476ms] [WARNING] The following feature variant assignments were not provided; please add them to an ExperimentationProvider: ai_assistant_features @ https://www.udemy.com/staticx/udemy/js/webpack/vendors-node_modules_udemy_browse-event-tracking_dist_esm_index_js-node_modules_udemy_react-e-46992e.cc3a88f71050aa0c2200.js:0
[  256504ms] [WARNING] The following feature variant assignments were not provided; please add them to an ExperimentationProvider: ai_assistant_features @ https://www.udemy.com/staticx/udemy/js/webpack/vendors-node_modules_udemy_browse-event-tracking_dist_esm_index_js-node_modules_udemy_react-e-46992e.cc3a88f71050aa0c2200.js:0
[  257671ms] [WARNING] The following feature variant assignments were not provided; please add them to an ExperimentationProvider: ai_assistant_features @ https://www.udemy.com/staticx/udemy/js/webpack/vendors-node_modules_udemy_browse-event-tracking_dist_esm_index_js-node_modules_udemy_react-e-46992e.cc3a88f71050aa0c2200.js:0
[  257690ms] [WARNING] The following feature variant assignments were not provided; please add them to an ExperimentationProvider: ai_assistant_features @ https://www.udemy.com/staticx/udemy/js/webpack/vendors-node_modules_udemy_browse-event-tracking_dist_esm_index_js-node_modules_udemy_react-e-46992e.cc3a88f71050aa0c2200.js:0
[  257707ms] [WARNING] The following feature variant assignments were not provided; please add them to an ExperimentationProvider: ai_assistant_features @ https://www.udemy.com/staticx/udemy/js/webpack/vendors-node_modules_udemy_browse-event-tracking_dist_esm_index_js-node_modules_udemy_react-e-46992e.cc3a88f71050aa0c2200.js:0
[  257733ms] [WARNING] The following feature variant assignments were not provided; please add them to an ExperimentationProvider: ai_assistant_features @ https://www.udemy.com/staticx/udemy/js/webpack/vendors-node_modules_udemy_browse-event-tracking_dist_esm_index_js-node_modules_udemy_react-e-46992e.cc3a88f71050aa0c2200.js:0
[  257751ms] [WARNING] The following feature variant assignments were not provided; please add them to an ExperimentationProvider: ai_assistant_features @ https://www.udemy.com/staticx/udemy/js/webpack/vendors-node_modules_udemy_browse-event-tracking_dist_esm_index_js-node_modules_udemy_react-e-46992e.cc3a88f71050aa0c2200.js:0
[  257769ms] [WARNING] The following feature variant assignments were not provided; please add them to an ExperimentationProvider: ai_assistant_features @ https://www.udemy.com/staticx/udemy/js/webpack/vendors-node_modules_udemy_browse-event-tracking_dist_esm_index_js-node_modules_udemy_react-e-46992e.cc3a88f71050aa0c2200.js:0
[  257785ms] [WARNING] The following feature variant assignments were not provided; please add them to an ExperimentationProvider: ai_assistant_features @ https://www.udemy.com/staticx/udemy/js/webpack/vendors-node_modules_udemy_browse-event-tracking_dist_esm_index_js-node_modules_udemy_react-e-46992e.cc3a88f71050aa0c2200.js:0
[  257811ms] [WARNING] The following feature variant assignments were not provided; please add them to an ExperimentationProvider: ai_assistant_features @ https://www.udemy.com/staticx/udemy/js/webpack/vendors-node_modules_udemy_browse-event-tracking_dist_esm_index_js-node_modules_udemy_react-e-46992e.cc3a88f71050aa0c2200.js:0
[  257834ms] [WARNING] The following feature variant assignments were not provided; please add them to an ExperimentationProvider: ai_assistant_features @ https://www.udemy.com/staticx/udemy/js/webpack/vendors-node_modules_udemy_browse-event-tracking_dist_esm_index_js-node_modules_udemy_react-e-46992e.cc3a88f71050aa0c2200.js:0
[  257851ms] [WARNING] The following feature variant assignments were not provided; please add them to an ExperimentationProvider: ai_assistant_features @ https://www.udemy.com/staticx/udemy/js/webpack/vendors-node_modules_udemy_browse-event-tracking_dist_esm_index_js-node_modules_udemy_react-e-46992e.cc3a88f71050aa0c2200.js:0
[  257867ms] [WARNING] The following feature variant assignments were not provided; please add them to an ExperimentationProvider: ai_assistant_features @ https://www.udemy.com/staticx/udemy/js/webpack/vendors-node_modules_udemy_browse-event-tracking_dist_esm_index_js-node_modules_udemy_react-e-46992e.cc3a88f71050aa0c2200.js:0
[  257884ms] [WARNING] The following feature variant assignments were not provided; please add them to an ExperimentationProvider: ai_assistant_features @ https://www.udemy.com/staticx/udemy/js/webpack/vendors-node_modules_udemy_browse-event-tracking_dist_esm_index_js-node_modules_udemy_react-e-46992e.cc3a88f71050aa0c2200.js:0
[  257901ms] [WARNING] The following feature variant assignments were not provided; please add them to an ExperimentationProvider: ai_assistant_features @ https://www.udemy.com/staticx/udemy/js/webpack/vendors-node_modules_udemy_browse-event-tracking_dist_esm_index_js-node_modules_udemy_react-e-46992e.cc3a88f71050aa0c2200.js:0
[  257918ms] [WARNING] The following feature variant assignments were not provided; please add them to an ExperimentationProvider: ai_assistant_features @ https://www.udemy.com/staticx/udemy/js/webpack/vendors-node_modules_udemy_browse-event-tracking_dist_esm_index_js-node_modules_udemy_react-e-46992e.cc3a88f71050aa0c2200.js:0
[  257934ms] [WARNING] The following feature variant assignments were not provided; please add them to an ExperimentationProvider: ai_assistant_features @ https://www.udemy.com/staticx/udemy/js/webpack/vendors-node_modules_udemy_browse-event-tracking_dist_esm_index_js-node_modules_udemy_react-e-46992e.cc3a88f71050aa0c2200.js:0
[  257951ms] [WARNING] The following feature variant assignments were not provided; please add them to an ExperimentationProvider: ai_assistant_features @ https://www.udemy.com/staticx/udemy/js/webpack/vendors-node_modules_udemy_browse-event-tracking_dist_esm_index_js-node_modules_udemy_react-e-46992e.cc3a88f71050aa0c2200.js:0
[  257967ms] [WARNING] The following feature variant assignments were not provided; please add them to an ExperimentationProvider: ai_assistant_features @ https://www.udemy.com/staticx/udemy/js/webpack/vendors-node_modules_udemy_browse-event-tracking_dist_esm_index_js-node_modules_udemy_react-e-46992e.cc3a88f71050aa0c2200.js:0
[  257996ms] [WARNING] The following feature variant assignments were not provided; please add them to an ExperimentationProvider: ai_assistant_features @ https://www.udemy.com/staticx/udemy/js/webpack/vendors-node_modules_udemy_browse-event-tracking_dist_esm_index_js-node_modules_udemy_react-e-46992e.cc3a88f71050aa0c2200.js:0
[  258018ms] [WARNING] The following feature variant assignments were not provided; please add them to an ExperimentationProvider: ai_assistant_features @ https://www.udemy.com/staticx/udemy/js/webpack/vendors-node_modules_udemy_browse-event-tracking_dist_esm_index_js-node_modules_udemy_react-e-46992e.cc3a88f71050aa0c2200.js:0
[  258039ms] [WARNING] The following feature variant assignments were not provided; please add them to an ExperimentationProvider: ai_assistant_features @ https://www.udemy.com/staticx/udemy/js/webpack/vendors-node_modules_udemy_browse-event-tracking_dist_esm_index_js-node_modules_udemy_react-e-46992e.cc3a88f71050aa0c2200.js:0
[  258069ms] [WARNING] The following feature variant assignments were not provided; please add them to an ExperimentationProvider: ai_assistant_features @ https://www.udemy.com/staticx/udemy/js/webpack/vendors-node_modules_udemy_browse-event-tracking_dist_esm_index_js-node_modules_udemy_react-e-46992e.cc3a88f71050aa0c2200.js:0
[  258087ms] [WARNING] The following feature variant assignments were not provided; please add them to an ExperimentationProvider: ai_assistant_features @ https://www.udemy.com/staticx/udemy/js/webpack/vendors-node_modules_udemy_browse-event-tracking_dist_esm_index_js-node_modules_udemy_react-e-46992e.cc3a88f71050aa0c2200.js:0
[  258107ms] [WARNING] The following feature variant assignments were not provided; please add them to an ExperimentationProvider: ai_assistant_features @ https://www.udemy.com/staticx/udemy/js/webpack/vendors-node_modules_udemy_browse-event-tracking_dist_esm_index_js-node_modules_udemy_react-e-46992e.cc3a88f71050aa0c2200.js:0
[  258135ms] [WARNING] The following feature variant assignments were not provided; please add them to an ExperimentationProvider: ai_assistant_features @ https://www.udemy.com/staticx/udemy/js/webpack/vendors-node_modules_udemy_browse-event-tracking_dist_esm_index_js-node_modules_udemy_react-e-46992e.cc3a88f71050aa0c2200.js:0
[  258156ms] [WARNING] The following feature variant assignments were not provided; please add them to an ExperimentationProvider: ai_assistant_features @ https://www.udemy.com/staticx/udemy/js/webpack/vendors-node_modules_udemy_browse-event-tracking_dist_esm_index_js-node_modules_udemy_react-e-46992e.cc3a88f71050aa0c2200.js:0
[  258184ms] [WARNING] The following feature variant assignments were not provided; please add them to an ExperimentationProvider: ai_assistant_features @ https://www.udemy.com/staticx/udemy/js/webpack/vendors-node_modules_udemy_browse-event-tracking_dist_esm_index_js-node_modules_udemy_react-e-46992e.cc3a88f71050aa0c2200.js:0
[  258201ms] [WARNING] The following feature variant assignments were not provided; please add them to an ExperimentationProvider: ai_assistant_features @ https://www.udemy.com/staticx/udemy/js/webpack/vendors-node_modules_udemy_browse-event-tracking_dist_esm_index_js-node_modules_udemy_react-e-46992e.cc3a88f71050aa0c2200.js:0
[  269118ms] [WARNING] The resource https://mp4-c.udemycdn.com/2026-02-13_11-27-55-98b212adaa66b9d7660d86cef9443445/2/thumb-sprites.jpg?Expires=1775401721&Signature=WaLNoZqPI670U7q5LwWSlCUuVFDceRZ-wMujlknOn1EnGiUhY0MQmmVLZbOJKNdNCoOrN2MIiuf2r6v~YGbe-pGtvyfDpeln6erubO5b-~Vt-U8cIMbTGDl-22Hj3a0FOllpBDVtfdYjvZEnq13duQJR~pG-pPJm~hmMt9Oft-W6F8OBnYEXlElBXTpVOIWxp~jeAp~JwfP~meLsb0ZDG14wnZNeke6nrIm-QtRhlDCzyUr68dS4kJRrJQbVihqOs8Lbz1TFRV8k0D71fd3bQiVS85uAOZgvk3Yq7NJQOXz6t9xDpOTlNDjv6F1PQpe-YIqRj6qHwLAyh2Y6bSg~dA__&Key-Pair-Id=K3MG148K9RIRF4 was preloaded using link preload but not used within a few seconds from the window's load event. Please make sure it has an appropriate `as` value and it is preloaded intentionally. @ https://www.udemy.com/course/ai-coder-from-vibe-coder-to-agentic-engineer/learn/lecture/54780399?start=255#overview:0
[  274130ms] [WARNING] The resource https://mp4-c.udemycdn.com/2026-02-13_11-27-55-98b212adaa66b9d7660d86cef9443445/2/thumb-sprites.jpg?Expires=1775401721&Signature=WaLNoZqPI670U7q5LwWSlCUuVFDceRZ-wMujlknOn1EnGiUhY0MQmmVLZbOJKNdNCoOrN2MIiuf2r6v~YGbe-pGtvyfDpeln6erubO5b-~Vt-U8cIMbTGDl-22Hj3a0FOllpBDVtfdYjvZEnq13duQJR~pG-pPJm~hmMt9Oft-W6F8OBnYEXlElBXTpVOIWxp~jeAp~JwfP~meLsb0ZDG14wnZNeke6nrIm-QtRhlDCzyUr68dS4kJRrJQbVihqOs8Lbz1TFRV8k0D71fd3bQiVS85uAOZgvk3Yq7NJQOXz6t9xDpOTlNDjv6F1PQpe-YIqRj6qHwLAyh2Y6bSg~dA__&Key-Pair-Id=K3MG148K9RIRF4 was preloaded using link preload but not used within a few seconds from the window's load event. Please make sure it has an appropriate `as` value and it is preloaded intentionally. @ https://www.udemy.com/course/ai-coder-from-vibe-coder-to-agentic-engineer/learn/lecture/54780399?start=255#overview:0
[  278415ms] [WARNING] The following feature variant assignments were not provided; please add them to an ExperimentationProvider: ai_assistant_features @ https://www.udemy.com/staticx/udemy/js/webpack/vendors-node_modules_udemy_browse-event-tracking_dist_esm_index_js-node_modules_udemy_react-e-46992e.cc3a88f71050aa0c2200.js:0
[  278434ms] [WARNING] The following feature variant assignments were not provided; please add them to an ExperimentationProvider: ai_assistant_features @ https://www.udemy.com/staticx/udemy/js/webpack/vendors-node_modules_udemy_browse-event-tracking_dist_esm_index_js-node_modules_udemy_react-e-46992e.cc3a88f71050aa0c2200.js:0
[  278455ms] [WARNING] The following feature variant assignments were not provided; please add them to an ExperimentationProvider: ai_assistant_features @ https://www.udemy.com/staticx/udemy/js/webpack/vendors-node_modules_udemy_browse-event-tracking_dist_esm_index_js-node_modules_udemy_react-e-46992e.cc3a88f71050aa0c2200.js:0
[  278484ms] [WARNING] The following feature variant assignments were not provided; please add them to an ExperimentationProvider: ai_assistant_features @ https://www.udemy.com/staticx/udemy/js/webpack/vendors-node_modules_udemy_browse-event-tracking_dist_esm_index_js-node_modules_udemy_react-e-46992e.cc3a88f71050aa0c2200.js:0
[  278503ms] [WARNING] The following feature variant assignments were not provided; please add them to an ExperimentationProvider: ai_assistant_features @ https://www.udemy.com/staticx/udemy/js/webpack/vendors-node_modules_udemy_browse-event-tracking_dist_esm_index_js-node_modules_udemy_react-e-46992e.cc3a88f71050aa0c2200.js:0
[  278522ms] [WARNING] The following feature variant assignments were not provided; please add them to an ExperimentationProvider: ai_assistant_features @ https://www.udemy.com/staticx/udemy/js/webpack/vendors-node_modules_udemy_browse-event-tracking_dist_esm_index_js-node_modules_udemy_react-e-46992e.cc3a88f71050aa0c2200.js:0
[  278549ms] [WARNING] The following feature variant assignments were not provided; please add them to an ExperimentationProvider: ai_assistant_features @ https://www.udemy.com/staticx/udemy/js/webpack/vendors-node_modules_udemy_browse-event-tracking_dist_esm_index_js-node_modules_udemy_react-e-46992e.cc3a88f71050aa0c2200.js:0
[  278571ms] [WARNING] The following feature variant assignments were not provided; please add them to an ExperimentationProvider: ai_assistant_features @ https://www.udemy.com/staticx/udemy/js/webpack/vendors-node_modules_udemy_browse-event-tracking_dist_esm_index_js-node_modules_udemy_react-e-46992e.cc3a88f71050aa0c2200.js:0
[  278591ms] [WARNING] The following feature variant assignments were not provided; please add them to an ExperimentationProvider: ai_assistant_features @ https://www.udemy.com/staticx/udemy/js/webpack/vendors-node_modules_udemy_browse-event-tracking_dist_esm_index_js-node_modules_udemy_react-e-46992e.cc3a88f71050aa0c2200.js:0
[  280862ms] [WARNING] The resource https://mp4-c.udemycdn.com/2026-02-13_11-27-55-98b212adaa66b9d7660d86cef9443445/2/thumb-sprites.jpg?Expires=1775401721&Signature=WaLNoZqPI670U7q5LwWSlCUuVFDceRZ-wMujlknOn1EnGiUhY0MQmmVLZbOJKNdNCoOrN2MIiuf2r6v~YGbe-pGtvyfDpeln6erubO5b-~Vt-U8cIMbTGDl-22Hj3a0FOllpBDVtfdYjvZEnq13duQJR~pG-pPJm~hmMt9Oft-W6F8OBnYEXlElBXTpVOIWxp~jeAp~JwfP~meLsb0ZDG14wnZNeke6nrIm-QtRhlDCzyUr68dS4kJRrJQbVihqOs8Lbz1TFRV8k0D71fd3bQiVS85uAOZgvk3Yq7NJQOXz6t9xDpOTlNDjv6F1PQpe-YIqRj6qHwLAyh2Y6bSg~dA__&Key-Pair-Id=K3MG148K9RIRF4 was preloaded using link preload but not used within a few seconds from the window's load event. Please make sure it has an appropriate `as` value and it is preloaded intentionally. @ https://www.udemy.com/course/ai-coder-from-vibe-coder-to-agentic-engineer/learn/lecture/54780399?start=255#overview:0
[  286508ms] [WARNING] The resource https://mp4-c.udemycdn.com/2026-02-13_11-27-55-98b212adaa66b9d7660d86cef9443445/2/thumb-sprites.jpg?Expires=1775401721&Signature=WaLNoZqPI670U7q5LwWSlCUuVFDceRZ-wMujlknOn1EnGiUhY0MQmmVLZbOJKNdNCoOrN2MIiuf2r6v~YGbe-pGtvyfDpeln6erubO5b-~Vt-U8cIMbTGDl-22Hj3a0FOllpBDVtfdYjvZEnq13duQJR~pG-pPJm~hmMt9Oft-W6F8OBnYEXlElBXTpVOIWxp~jeAp~JwfP~meLsb0ZDG14wnZNeke6nrIm-QtRhlDCzyUr68dS4kJRrJQbVihqOs8Lbz1TFRV8k0D71fd3bQiVS85uAOZgvk3Yq7NJQOXz6t9xDpOTlNDjv6F1PQpe-YIqRj6qHwLAyh2Y6bSg~dA__&Key-Pair-Id=K3MG148K9RIRF4 was preloaded using link preload but not used within a few seconds from the window's load event. Please make sure it has an appropriate `as` value and it is preloaded intentionally. @ https://www.udemy.com/course/ai-coder-from-vibe-coder-to-agentic-engineer/learn/lecture/54780399?start=255#overview:0
[  347502ms] [WARNING] The resource https://mp4-c.udemycdn.com/2026-02-13_11-27-55-98b212adaa66b9d7660d86cef9443445/2/thumb-sprites.jpg?Expires=1775401721&Signature=WaLNoZqPI670U7q5LwWSlCUuVFDceRZ-wMujlknOn1EnGiUhY0MQmmVLZbOJKNdNCoOrN2MIiuf2r6v~YGbe-pGtvyfDpeln6erubO5b-~Vt-U8cIMbTGDl-22Hj3a0FOllpBDVtfdYjvZEnq13duQJR~pG-pPJm~hmMt9Oft-W6F8OBnYEXlElBXTpVOIWxp~jeAp~JwfP~meLsb0ZDG14wnZNeke6nrIm-QtRhlDCzyUr68dS4kJRrJQbVihqOs8Lbz1TFRV8k0D71fd3bQiVS85uAOZgvk3Yq7NJQOXz6t9xDpOTlNDjv6F1PQpe-YIqRj6qHwLAyh2Y6bSg~dA__&Key-Pair-Id=K3MG148K9RIRF4 was preloaded using link preload but not used within a few seconds from the window's load event. Please make sure it has an appropriate `as` value and it is preloaded intentionally. @ https://www.udemy.com/course/ai-coder-from-vibe-coder-to-agentic-engineer/learn/lecture/54780399?start=255#overview:0
[  408501ms] [WARNING] The resource https://mp4-c.udemycdn.com/2026-02-13_11-27-55-98b212adaa66b9d7660d86cef9443445/2/thumb-sprites.jpg?Expires=1775401721&Signature=WaLNoZqPI670U7q5LwWSlCUuVFDceRZ-wMujlknOn1EnGiUhY0MQmmVLZbOJKNdNCoOrN2MIiuf2r6v~YGbe-pGtvyfDpeln6erubO5b-~Vt-U8cIMbTGDl-22Hj3a0FOllpBDVtfdYjvZEnq13duQJR~pG-pPJm~hmMt9Oft-W6F8OBnYEXlElBXTpVOIWxp~jeAp~JwfP~meLsb0ZDG14wnZNeke6nrIm-QtRhlDCzyUr68dS4kJRrJQbVihqOs8Lbz1TFRV8k0D71fd3bQiVS85uAOZgvk3Yq7NJQOXz6t9xDpOTlNDjv6F1PQpe-YIqRj6qHwLAyh2Y6bSg~dA__&Key-Pair-Id=K3MG148K9RIRF4 was preloaded using link preload but not used within a few seconds from the window's load event. Please make sure it has an appropriate `as` value and it is preloaded intentionally. @ https://www.udemy.com/course/ai-coder-from-vibe-coder-to-agentic-engineer/learn/lecture/54780399?start=255#overview:0
[  471011ms] [WARNING] The resource https://mp4-c.udemycdn.com/2026-02-13_11-27-55-98b212adaa66b9d7660d86cef9443445/2/thumb-sprites.jpg?Expires=1775401721&Signature=WaLNoZqPI670U7q5LwWSlCUuVFDceRZ-wMujlknOn1EnGiUhY0MQmmVLZbOJKNdNCoOrN2MIiuf2r6v~YGbe-pGtvyfDpeln6erubO5b-~Vt-U8cIMbTGDl-22Hj3a0FOllpBDVtfdYjvZEnq13duQJR~pG-pPJm~hmMt9Oft-W6F8OBnYEXlElBXTpVOIWxp~jeAp~JwfP~meLsb0ZDG14wnZNeke6nrIm-QtRhlDCzyUr68dS4kJRrJQbVihqOs8Lbz1TFRV8k0D71fd3bQiVS85uAOZgvk3Yq7NJQOXz6t9xDpOTlNDjv6F1PQpe-YIqRj6qHwLAyh2Y6bSg~dA__&Key-Pair-Id=K3MG148K9RIRF4 was preloaded using link preload but not used within a few seconds from the window's load event. Please make sure it has an appropriate `as` value and it is preloaded intentionally. @ https://www.udemy.com/course/ai-coder-from-vibe-coder-to-agentic-engineer/learn/lecture/54780399?start=255#overview:0
[  530657ms] [WARNING] The resource https://mp4-c.udemycdn.com/2026-02-13_11-27-55-98b212adaa66b9d7660d86cef9443445/2/thumb-sprites.jpg?Expires=1775401721&Signature=WaLNoZqPI670U7q5LwWSlCUuVFDceRZ-wMujlknOn1EnGiUhY0MQmmVLZbOJKNdNCoOrN2MIiuf2r6v~YGbe-pGtvyfDpeln6erubO5b-~Vt-U8cIMbTGDl-22Hj3a0FOllpBDVtfdYjvZEnq13duQJR~pG-pPJm~hmMt9Oft-W6F8OBnYEXlElBXTpVOIWxp~jeAp~JwfP~meLsb0ZDG14wnZNeke6nrIm-QtRhlDCzyUr68dS4kJRrJQbVihqOs8Lbz1TFRV8k0D71fd3bQiVS85uAOZgvk3Yq7NJQOXz6t9xDpOTlNDjv6F1PQpe-YIqRj6qHwLAyh2Y6bSg~dA__&Key-Pair-Id=K3MG148K9RIRF4 was preloaded using link preload but not used within a few seconds from the window's load event. Please make sure it has an appropriate `as` value and it is preloaded intentionally. @ https://www.udemy.com/course/ai-coder-from-vibe-coder-to-agentic-engineer/learn/lecture/54780399?start=255#overview:0
[  581511ms] [WARNING] The resource https://mp4-c.udemycdn.com/2026-02-13_11-27-55-98b212adaa66b9d7660d86cef9443445/2/thumb-sprites.jpg?Expires=1775401721&Signature=WaLNoZqPI670U7q5LwWSlCUuVFDceRZ-wMujlknOn1EnGiUhY0MQmmVLZbOJKNdNCoOrN2MIiuf2r6v~YGbe-pGtvyfDpeln6erubO5b-~Vt-U8cIMbTGDl-22Hj3a0FOllpBDVtfdYjvZEnq13duQJR~pG-pPJm~hmMt9Oft-W6F8OBnYEXlElBXTpVOIWxp~jeAp~JwfP~meLsb0ZDG14wnZNeke6nrIm-QtRhlDCzyUr68dS4kJRrJQbVihqOs8Lbz1TFRV8k0D71fd3bQiVS85uAOZgvk3Yq7NJQOXz6t9xDpOTlNDjv6F1PQpe-YIqRj6qHwLAyh2Y6bSg~dA__&Key-Pair-Id=K3MG148K9RIRF4 was preloaded using link preload but not used within a few seconds from the window's load event. Please make sure it has an appropriate `as` value and it is preloaded intentionally. @ https://www.udemy.com/course/ai-coder-from-vibe-coder-to-agentic-engineer/learn/lecture/54780399?start=255#overview:0
