[     496ms] [INFO] %cDownload the React DevTools for a better development experience: https://reactjs.org/link/react-devtools font-weight:bold @ http://localhost:3000/node_modules/.vite/deps/chunk-PJEEZAML.js?v=33aa3aa2:21550
[    1076ms] [WARNING] WebSocket connection to 'ws://localhost:8002/ws' failed: WebSocket is closed before the connection is established. @ http://localhost:3000/src/hooks/useWebSocket.ts:79
[    1076ms] [WARNING] WebSocket connection to 'ws://localhost:8002/ws' failed: WebSocket is closed before the connection is established. @ http://localhost:3000/src/hooks/useWebSocket.ts:79
[    1076ms] [WARNING] WebSocket connection to 'ws://localhost:8002/ws' failed: WebSocket is closed before the connection is established. @ http://localhost:3000/src/hooks/useWebSocket.ts:79
[    1237ms] [ERROR] Failed to load resource: the server responded with a status of 404 (Not Found) @ http://localhost:3000/favicon.ico:0
[    1411ms] [ERROR] WebSocket connection to 'ws://localhost:8002/ws' failed: Error during WebSocket handshake: Unexpected response code: 403 @ http://localhost:3000/src/hooks/useWebSocket.ts:12
[    1434ms] [ERROR] WebSocket connection to 'ws://localhost:8002/ws' failed: Error during WebSocket handshake: Unexpected response code: 403 @ http://localhost:3000/src/hooks/useWebSocket.ts:12
[    1466ms] [ERROR] WebSocket connection to 'ws://localhost:8002/ws' failed: Error during WebSocket handshake: Unexpected response code: 403 @ http://localhost:3000/src/hooks/useWebSocket.ts:12
[    6448ms] [ERROR] WebSocket connection to 'ws://localhost:8002/ws' failed: Error during WebSocket handshake: Unexpected response code: 403 @ http://localhost:3000/src/hooks/useWebSocket.ts:12
[    6465ms] [ERROR] WebSocket connection to 'ws://localhost:8002/ws' failed: Error during WebSocket handshake: Unexpected response code: 403 @ http://localhost:3000/src/hooks/useWebSocket.ts:12
[    6481ms] [ERROR] WebSocket connection to 'ws://localhost:8002/ws' failed: Error during WebSocket handshake: Unexpected response code: 403 @ http://localhost:3000/src/hooks/useWebSocket.ts:12
[    6749ms] [ERROR] WebSocket connection to 'ws://localhost:8002/ws' failed: Error during WebSocket handshake: Unexpected response code: 403 @ http://localhost:3000/src/hooks/useWebSocket.ts:12
[    6765ms] [ERROR] WebSocket connection to 'ws://localhost:8002/ws' failed: Error during WebSocket handshake: Unexpected response code: 403 @ http://localhost:3000/src/hooks/useWebSocket.ts:12
[    6811ms] [ERROR] WebSocket connection to 'ws://localhost:8002/ws' failed: Error during WebSocket handshake: Unexpected response code: 403 @ http://localhost:3000/src/hooks/useWebSocket.ts:12
[   11770ms] [ERROR] WebSocket connection to 'ws://localhost:8002/ws' failed: Error during WebSocket handshake: Unexpected response code: 403 @ http://localhost:3000/src/hooks/useWebSocket.ts:12
[   11785ms] [ERROR] WebSocket connection to 'ws://localhost:8002/ws' failed: Error during WebSocket handshake: Unexpected response code: 403 @ http://localhost:3000/src/hooks/useWebSocket.ts:12
[   11798ms] [ERROR] WebSocket connection to 'ws://localhost:8002/ws' failed: Error during WebSocket handshake: Unexpected response code: 403 @ http://localhost:3000/src/hooks/useWebSocket.ts:12
[   12078ms] [ERROR] WebSocket connection to 'ws://localhost:8002/ws' failed: Error during WebSocket handshake: Unexpected response code: 403 @ http://localhost:3000/src/hooks/useWebSocket.ts:12
[   12130ms] [ERROR] WebSocket connection to 'ws://localhost:8002/ws' failed: Error during WebSocket handshake: Unexpected response code: 403 @ http://localhost:3000/src/hooks/useWebSocket.ts:12
[   12147ms] [ERROR] WebSocket connection to 'ws://localhost:8002/ws' failed: Error during WebSocket handshake: Unexpected response code: 403 @ http://localhost:3000/src/hooks/useWebSocket.ts:12
[   17132ms] [ERROR] WebSocket connection to 'ws://localhost:8002/ws' failed: Error during WebSocket handshake: Unexpected response code: 403 @ http://localhost:3000/src/hooks/useWebSocket.ts:12
[   17183ms] [ERROR] WebSocket connection to 'ws://localhost:8002/ws' failed: Error during WebSocket handshake: Unexpected response code: 403 @ http://localhost:3000/src/hooks/useWebSocket.ts:12
[   17196ms] [ERROR] WebSocket connection to 'ws://localhost:8002/ws' failed: Error during WebSocket handshake: Unexpected response code: 403 @ http://localhost:3000/src/hooks/useWebSocket.ts:12
[   17497ms] [ERROR] WebSocket connection to 'ws://localhost:8002/ws' failed: Error during WebSocket handshake: Unexpected response code: 403 @ http://localhost:3000/src/hooks/useWebSocket.ts:12
[   17670ms] [ERROR] WebSocket connection to 'ws://localhost:8002/ws' failed: Error during WebSocket handshake: Unexpected response code: 403 @ http://localhost:3000/src/hooks/useWebSocket.ts:12
[   18033ms] [ERROR] WebSocket connection to 'ws://localhost:8002/ws' failed: Error during WebSocket handshake: Unexpected response code: 403 @ http://localhost:3000/src/hooks/useWebSocket.ts:12
[   22758ms] [ERROR] WebSocket connection to 'ws://localhost:8002/ws' failed: Error during WebSocket handshake: Unexpected response code: 403 @ http://localhost:3000/src/hooks/useWebSocket.ts:12
[   22819ms] [ERROR] WebSocket connection to 'ws://localhost:8002/ws' failed: Error during WebSocket handshake: Unexpected response code: 403 @ http://localhost:3000/src/hooks/useWebSocket.ts:12
[   23566ms] [ERROR] WebSocket connection to 'ws://localhost:8002/ws' failed: Error during WebSocket handshake: Unexpected response code: 403 @ http://localhost:3000/src/hooks/useWebSocket.ts:12
[   24421ms] [ERROR] WebSocket connection to 'ws://localhost:8002/ws' failed: Error during WebSocket handshake: Unexpected response code: 403 @ http://localhost:3000/src/hooks/useWebSocket.ts:12
[   24987ms] [ERROR] WebSocket connection to 'ws://localhost:8002/ws' failed: Error during WebSocket handshake: Unexpected response code: 403 @ http://localhost:3000/src/hooks/useWebSocket.ts:12
[   25211ms] [ERROR] WebSocket connection to 'ws://localhost:8002/ws' failed: Error during WebSocket handshake: Unexpected response code: 403 @ http://localhost:3000/src/hooks/useWebSocket.ts:12
[   28589ms] [ERROR] WebSocket connection to 'ws://localhost:8002/ws' failed: Error during WebSocket handshake: Unexpected response code: 403 @ http://localhost:3000/src/hooks/useWebSocket.ts:12
[   31529ms] [ERROR] WebSocket connection to 'ws://localhost:8002/ws' failed: Error during WebSocket handshake: Unexpected response code: 403 @ http://localhost:3000/src/hooks/useWebSocket.ts:12
[   32163ms] [ERROR] WebSocket connection to 'ws://localhost:8002/ws' failed: Error during WebSocket handshake: Unexpected response code: 403 @ http://localhost:3000/src/hooks/useWebSocket.ts:12
[   32558ms] [ERROR] WebSocket connection to 'ws://localhost:8002/ws' failed: Error during WebSocket handshake: Unexpected response code: 403 @ http://localhost:3000/src/hooks/useWebSocket.ts:12
[   33523ms] [ERROR] WebSocket connection to 'ws://localhost:8002/ws' failed: Error during WebSocket handshake: Unexpected response code: 403 @ http://localhost:3000/src/hooks/useWebSocket.ts:12
[   33966ms] [ERROR] WebSocket connection to 'ws://localhost:8002/ws' failed: Error during WebSocket handshake: Unexpected response code: 403 @ http://localhost:3000/src/hooks/useWebSocket.ts:12
[   36855ms] [ERROR] WebSocket connection to 'ws://localhost:8002/ws' failed: Error during WebSocket handshake: Unexpected response code: 403 @ http://localhost:3000/src/hooks/useWebSocket.ts:12
[   38890ms] [ERROR] WebSocket connection to 'ws://localhost:8002/ws' failed: Error during WebSocket handshake: Unexpected response code: 403 @ http://localhost:3000/src/hooks/useWebSocket.ts:12
[   39208ms] [ERROR] WebSocket connection to 'ws://localhost:8002/ws' failed: Error during WebSocket handshake: Unexpected response code: 403 @ http://localhost:3000/src/hooks/useWebSocket.ts:12
[   40345ms] [ERROR] WebSocket connection to 'ws://localhost:8002/ws' failed: Error during WebSocket handshake: Unexpected response code: 403 @ http://localhost:3000/src/hooks/useWebSocket.ts:12
[   41812ms] [ERROR] WebSocket connection to 'ws://localhost:8002/ws' failed: Error during WebSocket handshake: Unexpected response code: 403 @ http://localhost:3000/src/hooks/useWebSocket.ts:12
[   43289ms] [ERROR] WebSocket connection to 'ws://localhost:8002/ws' failed: Error during WebSocket handshake: Unexpected response code: 403 @ http://localhost:3000/src/hooks/useWebSocket.ts:12
[   44506ms] [ERROR] WebSocket connection to 'ws://localhost:8002/ws' failed: Error during WebSocket handshake: Unexpected response code: 403 @ http://localhost:3000/src/hooks/useWebSocket.ts:12
[   45793ms] [ERROR] WebSocket connection to 'ws://localhost:8002/ws' failed: Error during WebSocket handshake: Unexpected response code: 403 @ http://localhost:3000/src/hooks/useWebSocket.ts:12
[   48201ms] [ERROR] WebSocket connection to 'ws://localhost:8002/ws' failed: Error during WebSocket handshake: Unexpected response code: 403 @ http://localhost:3000/src/hooks/useWebSocket.ts:12
[   49303ms] [ERROR] WebSocket connection to 'ws://localhost:8002/ws' failed: Error during WebSocket handshake: Unexpected response code: 403 @ http://localhost:3000/src/hooks/useWebSocket.ts:12
[   50881ms] [ERROR] WebSocket connection to 'ws://localhost:8002/ws' failed: Error during WebSocket handshake: Unexpected response code: 403 @ http://localhost:3000/src/hooks/useWebSocket.ts:12
[   52246ms] [ERROR] WebSocket connection to 'ws://localhost:8002/ws' failed: Error during WebSocket handshake: Unexpected response code: 403 @ http://localhost:3000/src/hooks/useWebSocket.ts:12
[   54480ms] [ERROR] WebSocket connection to 'ws://localhost:8002/ws' failed: Error during WebSocket handshake: Unexpected response code: 403 @ http://localhost:3000/src/hooks/useWebSocket.ts:12
[   55331ms] [ERROR] WebSocket connection to 'ws://localhost:8002/ws' failed: Error during WebSocket handshake: Unexpected response code: 403 @ http://localhost:3000/src/hooks/useWebSocket.ts:12
[   58476ms] [ERROR] WebSocket connection to 'ws://localhost:8002/ws' failed: Error during WebSocket handshake: Unexpected response code: 403 @ http://localhost:3000/src/hooks/useWebSocket.ts:12
[   59217ms] [ERROR] WebSocket connection to 'ws://localhost:8002/ws' failed: Error during WebSocket handshake: Unexpected response code: 403 @ http://localhost:3000/src/hooks/useWebSocket.ts:12
[   59375ms] [ERROR] WebSocket connection to 'ws://localhost:8002/ws' failed: Error during WebSocket handshake: Unexpected response code: 403 @ http://localhost:3000/src/hooks/useWebSocket.ts:12
[   59533ms] [ERROR] WebSocket connection to 'ws://localhost:8002/ws' failed: Error during WebSocket handshake: Unexpected response code: 403 @ http://localhost:3000/src/hooks/useWebSocket.ts:12
[   62216ms] [ERROR] WebSocket connection to 'ws://localhost:8002/ws' failed: Error during WebSocket handshake: Unexpected response code: 403 @ http://localhost:3000/src/hooks/useWebSocket.ts:12
[   64532ms] [ERROR] WebSocket connection to 'ws://localhost:8002/ws' failed: Error during WebSocket handshake: Unexpected response code: 403 @ http://localhost:3000/src/hooks/useWebSocket.ts:12
[   66793ms] [ERROR] WebSocket connection to 'ws://localhost:8002/ws' failed: Error during WebSocket handshake: Unexpected response code: 403 @ http://localhost:3000/src/hooks/useWebSocket.ts:12
[   67378ms] [ERROR] WebSocket connection to 'ws://localhost:8002/ws' failed: Error during WebSocket handshake: Unexpected response code: 403 @ http://localhost:3000/src/hooks/useWebSocket.ts:12
[   67567ms] [ERROR] WebSocket connection to 'ws://localhost:8002/ws' failed: Error during WebSocket handshake: Unexpected response code: 403 @ http://localhost:3000/src/hooks/useWebSocket.ts:12
[   68325ms] [ERROR] WebSocket connection to 'ws://localhost:8002/ws' failed: Error during WebSocket handshake: Unexpected response code: 403 @ http://localhost:3000/src/hooks/useWebSocket.ts:12
[   72446ms] [ERROR] WebSocket connection to 'ws://localhost:8002/ws' failed: Error during WebSocket handshake: Unexpected response code: 403 @ http://localhost:3000/src/hooks/useWebSocket.ts:12
[   74785ms] [ERROR] WebSocket connection to 'ws://localhost:8002/ws' failed: Error during WebSocket handshake: Unexpected response code: 403 @ http://localhost:3000/src/hooks/useWebSocket.ts:12
[   74815ms] [ERROR] WebSocket connection to 'ws://localhost:8002/ws' failed: Error during WebSocket handshake: Unexpected response code: 403 @ http://localhost:3000/src/hooks/useWebSocket.ts:12
[   75054ms] [ERROR] WebSocket connection to 'ws://localhost:8002/ws' failed: Error during WebSocket handshake: Unexpected response code: 403 @ http://localhost:3000/src/hooks/useWebSocket.ts:12
[   75560ms] [ERROR] WebSocket connection to 'ws://localhost:8002/ws' failed: Error during WebSocket handshake: Unexpected response code: 403 @ http://localhost:3000/src/hooks/useWebSocket.ts:12
[   76001ms] [ERROR] WebSocket connection to 'ws://localhost:8002/ws' failed: Error during WebSocket handshake: Unexpected response code: 403 @ http://localhost:3000/src/hooks/useWebSocket.ts:12
[   81338ms] [ERROR] WebSocket connection to 'ws://localhost:8002/ws' failed: Error during WebSocket handshake: Unexpected response code: 403 @ http://localhost:3000/src/hooks/useWebSocket.ts:12
[   82176ms] [ERROR] WebSocket connection to 'ws://localhost:8002/ws' failed: Error during WebSocket handshake: Unexpected response code: 403 @ http://localhost:3000/src/hooks/useWebSocket.ts:12
[   83063ms] [ERROR] WebSocket connection to 'ws://localhost:8002/ws' failed: Error during WebSocket handshake: Unexpected response code: 403 @ http://localhost:3000/src/hooks/useWebSocket.ts:12
[   83648ms] [ERROR] WebSocket connection to 'ws://localhost:8002/ws' failed: Error during WebSocket handshake: Unexpected response code: 403 @ http://localhost:3000/src/hooks/useWebSocket.ts:12
[   84134ms] [ERROR] WebSocket connection to 'ws://localhost:8002/ws' failed: Error during WebSocket handshake: Unexpected response code: 403 @ http://localhost:3000/src/hooks/useWebSocket.ts:12
[   85206ms] [ERROR] WebSocket connection to 'ws://localhost:8002/ws' failed: Error during WebSocket handshake: Unexpected response code: 403 @ http://localhost:3000/src/hooks/useWebSocket.ts:12
[   88139ms] [ERROR] WebSocket connection to 'ws://localhost:8002/ws' failed: Error during WebSocket handshake: Unexpected response code: 403 @ http://localhost:3000/src/hooks/useWebSocket.ts:12
[   88834ms] [ERROR] WebSocket connection to 'ws://localhost:8002/ws' failed: Error during WebSocket handshake: Unexpected response code: 403 @ http://localhost:3000/src/hooks/useWebSocket.ts:12
[   91682ms] [ERROR] WebSocket connection to 'ws://localhost:8002/ws' failed: Error during WebSocket handshake: Unexpected response code: 403 @ http://localhost:3000/src/hooks/useWebSocket.ts:12
[   91948ms] [ERROR] WebSocket connection to 'ws://localhost:8002/ws' failed: Error during WebSocket handshake: Unexpected response code: 403 @ http://localhost:3000/src/hooks/useWebSocket.ts:12
[   93019ms] [ERROR] WebSocket connection to 'ws://localhost:8002/ws' failed: Error during WebSocket handshake: Unexpected response code: 403 @ http://localhost:3000/src/hooks/useWebSocket.ts:12
[   93306ms] [ERROR] WebSocket connection to 'ws://localhost:8002/ws' failed: Error during WebSocket handshake: Unexpected response code: 403 @ http://localhost:3000/src/hooks/useWebSocket.ts:12
[   95204ms] [ERROR] WebSocket connection to 'ws://localhost:8002/ws' failed: Error during WebSocket handshake: Unexpected response code: 403 @ http://localhost:3000/src/hooks/useWebSocket.ts:12
[   98741ms] [ERROR] WebSocket connection to 'ws://localhost:8002/ws' failed: Error during WebSocket handshake: Unexpected response code: 403 @ http://localhost:3000/src/hooks/useWebSocket.ts:12
[   99196ms] [ERROR] WebSocket connection to 'ws://localhost:8002/ws' failed: Error during WebSocket handshake: Unexpected response code: 403 @ http://localhost:3000/src/hooks/useWebSocket.ts:12
[  101835ms] [ERROR] WebSocket connection to 'ws://localhost:8002/ws' failed: Error during WebSocket handshake: Unexpected response code: 403 @ http://localhost:3000/src/hooks/useWebSocket.ts:12
[  102546ms] [ERROR] WebSocket connection to 'ws://localhost:8002/ws' failed: Error during WebSocket handshake: Unexpected response code: 403 @ http://localhost:3000/src/hooks/useWebSocket.ts:12
[  103036ms] [ERROR] WebSocket connection to 'ws://localhost:8002/ws' failed: Error during WebSocket handshake: Unexpected response code: 403 @ http://localhost:3000/src/hooks/useWebSocket.ts:12
[  103776ms] [ERROR] WebSocket connection to 'ws://localhost:8002/ws' failed: Error during WebSocket handshake: Unexpected response code: 403 @ http://localhost:3000/src/hooks/useWebSocket.ts:12
[  105353ms] [ERROR] WebSocket connection to 'ws://localhost:8002/ws' failed: Error during WebSocket handshake: Unexpected response code: 403 @ http://localhost:3000/src/hooks/useWebSocket.ts:12
[  108228ms] [ERROR] WebSocket connection to 'ws://localhost:8002/ws' failed: Error during WebSocket handshake: Unexpected response code: 403 @ http://localhost:3000/src/hooks/useWebSocket.ts:12
[  109081ms] [ERROR] WebSocket connection to 'ws://localhost:8002/ws' failed: Error during WebSocket handshake: Unexpected response code: 403 @ http://localhost:3000/src/hooks/useWebSocket.ts:12
[  109635ms] [ERROR] WebSocket connection to 'ws://localhost:8002/ws' failed: Error during WebSocket handshake: Unexpected response code: 403 @ http://localhost:3000/src/hooks/useWebSocket.ts:12
[  110171ms] [ERROR] WebSocket connection to 'ws://localhost:8002/ws' failed: Error during WebSocket handshake: Unexpected response code: 403 @ http://localhost:3000/src/hooks/useWebSocket.ts:12
[  111215ms] [ERROR] WebSocket connection to 'ws://localhost:8002/ws' failed: Error during WebSocket handshake: Unexpected response code: 403 @ http://localhost:3000/src/hooks/useWebSocket.ts:12
[  112523ms] [ERROR] WebSocket connection to 'ws://localhost:8002/ws' failed: Error during WebSocket handshake: Unexpected response code: 403 @ http://localhost:3000/src/hooks/useWebSocket.ts:12
[  117404ms] [ERROR] WebSocket connection to 'ws://localhost:8002/ws' failed: Error during WebSocket handshake: Unexpected response code: 403 @ http://localhost:3000/src/hooks/useWebSocket.ts:12
[  118309ms] [ERROR] WebSocket connection to 'ws://localhost:8002/ws' failed: Error during WebSocket handshake: Unexpected response code: 403 @ http://localhost:3000/src/hooks/useWebSocket.ts:12
[  118340ms] [ERROR] WebSocket connection to 'ws://localhost:8002/ws' failed: Error during WebSocket handshake: Unexpected response code: 403 @ http://localhost:3000/src/hooks/useWebSocket.ts:12
[  119289ms] [ERROR] WebSocket connection to 'ws://localhost:8002/ws' failed: Error during WebSocket handshake: Unexpected response code: 403 @ http://localhost:3000/src/hooks/useWebSocket.ts:12
[  119446ms] [ERROR] WebSocket connection to 'ws://localhost:8002/ws' failed: Error during WebSocket handshake: Unexpected response code: 403 @ http://localhost:3000/src/hooks/useWebSocket.ts:12
[  119950ms] [ERROR] WebSocket connection to 'ws://localhost:8002/ws' failed: Error during WebSocket handshake: Unexpected response code: 403 @ http://localhost:3000/src/hooks/useWebSocket.ts:12
[  124044ms] [ERROR] WebSocket connection to 'ws://localhost:8002/ws' failed: Error during WebSocket handshake: Unexpected response code: 403 @ http://localhost:3000/src/hooks/useWebSocket.ts:12
[  125501ms] [ERROR] WebSocket connection to 'ws://localhost:8002/ws' failed: Error during WebSocket handshake: Unexpected response code: 403 @ http://localhost:3000/src/hooks/useWebSocket.ts:12
[  126009ms] [ERROR] WebSocket connection to 'ws://localhost:8002/ws' failed: Error during WebSocket handshake: Unexpected response code: 403 @ http://localhost:3000/src/hooks/useWebSocket.ts:12
[  126544ms] [ERROR] WebSocket connection to 'ws://localhost:8002/ws' failed: Error during WebSocket handshake: Unexpected response code: 403 @ http://localhost:3000/src/hooks/useWebSocket.ts:12
[  128471ms] [ERROR] WebSocket connection to 'ws://localhost:8002/ws' failed: Error during WebSocket handshake: Unexpected response code: 403 @ http://localhost:3000/src/hooks/useWebSocket.ts:12
[  129723ms] [ERROR] WebSocket connection to 'ws://localhost:8002/ws' failed: Error during WebSocket handshake: Unexpected response code: 403 @ http://localhost:3000/src/hooks/useWebSocket.ts:12
[  130797ms] [ERROR] WebSocket connection to 'ws://localhost:8002/ws' failed: Error during WebSocket handshake: Unexpected response code: 403 @ http://localhost:3000/src/hooks/useWebSocket.ts:12
[  133487ms] [ERROR] WebSocket connection to 'ws://localhost:8002/ws' failed: Error during WebSocket handshake: Unexpected response code: 403 @ http://localhost:3000/src/hooks/useWebSocket.ts:12
[  133800ms] [ERROR] WebSocket connection to 'ws://localhost:8002/ws' failed: Error during WebSocket handshake: Unexpected response code: 403 @ http://localhost:3000/src/hooks/useWebSocket.ts:12
[  135112ms] [ERROR] WebSocket connection to 'ws://localhost:8002/ws' failed: Error during WebSocket handshake: Unexpected response code: 403 @ http://localhost:3000/src/hooks/useWebSocket.ts:12
[  135889ms] [ERROR] WebSocket connection to 'ws://localhost:8002/ws' failed: Error during WebSocket handshake: Unexpected response code: 403 @ http://localhost:3000/src/hooks/useWebSocket.ts:12
[  136172ms] [ERROR] WebSocket connection to 'ws://localhost:8002/ws' failed: Error during WebSocket handshake: Unexpected response code: 403 @ http://localhost:3000/src/hooks/useWebSocket.ts:12
[  139923ms] [ERROR] WebSocket connection to 'ws://localhost:8002/ws' failed: Error during WebSocket handshake: Unexpected response code: 403 @ http://localhost:3000/src/hooks/useWebSocket.ts:12
[  140272ms] [ERROR] WebSocket connection to 'ws://localhost:8002/ws' failed: Error during WebSocket handshake: Unexpected response code: 403 @ http://localhost:3000/src/hooks/useWebSocket.ts:12
[  140382ms] [ERROR] WebSocket connection to 'ws://localhost:8002/ws' failed: Error during WebSocket handshake: Unexpected response code: 403 @ http://localhost:3000/src/hooks/useWebSocket.ts:12
[  143908ms] [ERROR] WebSocket connection to 'ws://localhost:8002/ws' failed: Error during WebSocket handshake: Unexpected response code: 403 @ http://localhost:3000/src/hooks/useWebSocket.ts:12
[  143956ms] [ERROR] WebSocket connection to 'ws://localhost:8002/ws' failed: Error during WebSocket handshake: Unexpected response code: 403 @ http://localhost:3000/src/hooks/useWebSocket.ts:12
[  144675ms] [ERROR] WebSocket connection to 'ws://localhost:8002/ws' failed: Error during WebSocket handshake: Unexpected response code: 403 @ http://localhost:3000/src/hooks/useWebSocket.ts:12
[  148161ms] [ERROR] WebSocket connection to 'ws://localhost:8002/ws' failed: Error during WebSocket handshake: Unexpected response code: 403 @ http://localhost:3000/src/hooks/useWebSocket.ts:12
[  148359ms] [ERROR] WebSocket connection to 'ws://localhost:8002/ws' failed: Error during WebSocket handshake: Unexpected response code: 403 @ http://localhost:3000/src/hooks/useWebSocket.ts:12
[  150343ms] [ERROR] WebSocket connection to 'ws://localhost:8002/ws' failed: Error during WebSocket handshake: Unexpected response code: 403 @ http://localhost:3000/src/hooks/useWebSocket.ts:12
[  151623ms] [ERROR] WebSocket connection to 'ws://localhost:8002/ws' failed: Error during WebSocket handshake: Unexpected response code: 403 @ http://localhost:3000/src/hooks/useWebSocket.ts:12
[  151728ms] [ERROR] WebSocket connection to 'ws://localhost:8002/ws' failed: Error during WebSocket handshake: Unexpected response code: 403 @ http://localhost:3000/src/hooks/useWebSocket.ts:12
[  151809ms] [ERROR] WebSocket connection to 'ws://localhost:8002/ws' failed: Error during WebSocket handshake: Unexpected response code: 403 @ http://localhost:3000/src/hooks/useWebSocket.ts:12
[  156039ms] [ERROR] WebSocket connection to 'ws://localhost:8002/ws' failed: Error during WebSocket handshake: Unexpected response code: 403 @ http://localhost:3000/src/hooks/useWebSocket.ts:12
[  156303ms] [ERROR] WebSocket connection to 'ws://localhost:8002/ws' failed: Error during WebSocket handshake: Unexpected response code: 403 @ http://localhost:3000/src/hooks/useWebSocket.ts:12
[  158474ms] [ERROR] WebSocket connection to 'ws://localhost:8002/ws' failed: Error during WebSocket handshake: Unexpected response code: 403 @ http://localhost:3000/src/hooks/useWebSocket.ts:12
[  160570ms] [ERROR] WebSocket connection to 'ws://localhost:8002/ws' failed: Error during WebSocket handshake: Unexpected response code: 403 @ http://localhost:3000/src/hooks/useWebSocket.ts:12
[  160636ms] [ERROR] WebSocket connection to 'ws://localhost:8002/ws' failed: Error during WebSocket handshake: Unexpected response code: 403 @ http://localhost:3000/src/hooks/useWebSocket.ts:12
[  161068ms] [ERROR] WebSocket connection to 'ws://localhost:8002/ws' failed: Error during WebSocket handshake: Unexpected response code: 403 @ http://localhost:3000/src/hooks/useWebSocket.ts:12
[  165741ms] [ERROR] WebSocket connection to 'ws://localhost:8002/ws' failed: Error during WebSocket handshake: Unexpected response code: 403 @ http://localhost:3000/src/hooks/useWebSocket.ts:12
[  166118ms] [ERROR] WebSocket connection to 'ws://localhost:8002/ws' failed: Error during WebSocket handshake: Unexpected response code: 403 @ http://localhost:3000/src/hooks/useWebSocket.ts:12
[  167623ms] [ERROR] WebSocket connection to 'ws://localhost:8002/ws' failed: Error during WebSocket handshake: Unexpected response code: 403 @ http://localhost:3000/src/hooks/useWebSocket.ts:12
[  169987ms] [ERROR] WebSocket connection to 'ws://localhost:8002/ws' failed: Error during WebSocket handshake: Unexpected response code: 403 @ http://localhost:3000/src/hooks/useWebSocket.ts:12
[  170552ms] [ERROR] WebSocket connection to 'ws://localhost:8002/ws' failed: Error during WebSocket handshake: Unexpected response code: 403 @ http://localhost:3000/src/hooks/useWebSocket.ts:12
[  170919ms] [ERROR] WebSocket connection to 'ws://localhost:8002/ws' failed: Error during WebSocket handshake: Unexpected response code: 403 @ http://localhost:3000/src/hooks/useWebSocket.ts:12
[  174341ms] [ERROR] WebSocket connection to 'ws://localhost:8002/ws' failed: Error during WebSocket handshake: Unexpected response code: 403 @ http://localhost:3000/src/hooks/useWebSocket.ts:12
[  174635ms] [ERROR] WebSocket connection to 'ws://localhost:8002/ws' failed: Error during WebSocket handshake: Unexpected response code: 403 @ http://localhost:3000/src/hooks/useWebSocket.ts:12
[  175410ms] [ERROR] WebSocket connection to 'ws://localhost:8002/ws' failed: Error during WebSocket handshake: Unexpected response code: 403 @ http://localhost:3000/src/hooks/useWebSocket.ts:12
[  176473ms] [ERROR] WebSocket connection to 'ws://localhost:8002/ws' failed: Error during WebSocket handshake: Unexpected response code: 403 @ http://localhost:3000/src/hooks/useWebSocket.ts:12
[  178633ms] [ERROR] WebSocket connection to 'ws://localhost:8002/ws' failed: Error during WebSocket handshake: Unexpected response code: 403 @ http://localhost:3000/src/hooks/useWebSocket.ts:12
[  180689ms] [ERROR] WebSocket connection to 'ws://localhost:8002/ws' failed: Error during WebSocket handshake: Unexpected response code: 403 @ http://localhost:3000/src/hooks/useWebSocket.ts:12
[  182565ms] [ERROR] WebSocket connection to 'ws://localhost:8002/ws' failed: Error during WebSocket handshake: Unexpected response code: 403 @ http://localhost:3000/src/hooks/useWebSocket.ts:12
[  183513ms] [ERROR] WebSocket connection to 'ws://localhost:8002/ws' failed: Error during WebSocket handshake: Unexpected response code: 403 @ http://localhost:3000/src/hooks/useWebSocket.ts:12
[  185645ms] [ERROR] WebSocket connection to 'ws://localhost:8002/ws' failed: Error during WebSocket handshake: Unexpected response code: 403 @ http://localhost:3000/src/hooks/useWebSocket.ts:12
[  186076ms] [ERROR] WebSocket connection to 'ws://localhost:8002/ws' failed: Error during WebSocket handshake: Unexpected response code: 403 @ http://localhost:3000/src/hooks/useWebSocket.ts:12
[  186228ms] [ERROR] WebSocket connection to 'ws://localhost:8002/ws' failed: Error during WebSocket handshake: Unexpected response code: 403 @ http://localhost:3000/src/hooks/useWebSocket.ts:12
[  187179ms] [ERROR] WebSocket connection to 'ws://localhost:8002/ws' failed: Error during WebSocket handshake: Unexpected response code: 403 @ http://localhost:3000/src/hooks/useWebSocket.ts:12
[  189256ms] [ERROR] WebSocket connection to 'ws://localhost:8002/ws' failed: Error during WebSocket handshake: Unexpected response code: 403 @ http://localhost:3000/src/hooks/useWebSocket.ts:12
[  192786ms] [ERROR] WebSocket connection to 'ws://localhost:8002/ws' failed: Error during WebSocket handshake: Unexpected response code: 403 @ http://localhost:3000/src/hooks/useWebSocket.ts:12
[  193136ms] [ERROR] WebSocket connection to 'ws://localhost:8002/ws' failed: Error during WebSocket handshake: Unexpected response code: 403 @ http://localhost:3000/src/hooks/useWebSocket.ts:12
[  193638ms] [ERROR] WebSocket connection to 'ws://localhost:8002/ws' failed: Error during WebSocket handshake: Unexpected response code: 403 @ http://localhost:3000/src/hooks/useWebSocket.ts:12
[  193967ms] [ERROR] WebSocket connection to 'ws://localhost:8002/ws' failed: Error during WebSocket handshake: Unexpected response code: 403 @ http://localhost:3000/src/hooks/useWebSocket.ts:12
[  194238ms] [ERROR] WebSocket connection to 'ws://localhost:8002/ws' failed: Error during WebSocket handshake: Unexpected response code: 403 @ http://localhost:3000/src/hooks/useWebSocket.ts:12
[  198368ms] [ERROR] WebSocket connection to 'ws://localhost:8002/ws' failed: Error during WebSocket handshake: Unexpected response code: 403 @ http://localhost:3000/src/hooks/useWebSocket.ts:12
[  199877ms] [ERROR] WebSocket connection to 'ws://localhost:8002/ws' failed: Error during WebSocket handshake: Unexpected response code: 403 @ http://localhost:3000/src/hooks/useWebSocket.ts:12
[  201893ms] [ERROR] WebSocket connection to 'ws://localhost:8002/ws' failed: Error during WebSocket handshake: Unexpected response code: 403 @ http://localhost:3000/src/hooks/useWebSocket.ts:12
[  202329ms] [ERROR] WebSocket connection to 'ws://localhost:8002/ws' failed: Error during WebSocket handshake: Unexpected response code: 403 @ http://localhost:3000/src/hooks/useWebSocket.ts:12
[  203041ms] [ERROR] WebSocket connection to 'ws://localhost:8002/ws' failed: Error during WebSocket handshake: Unexpected response code: 403 @ http://localhost:3000/src/hooks/useWebSocket.ts:12
[  203654ms] [ERROR] WebSocket connection to 'ws://localhost:8002/ws' failed: Error during WebSocket handshake: Unexpected response code: 403 @ http://localhost:3000/src/hooks/useWebSocket.ts:12
[  208033ms] [ERROR] WebSocket connection to 'ws://localhost:8002/ws' failed: Error during WebSocket handshake: Unexpected response code: 403 @ http://localhost:3000/src/hooks/useWebSocket.ts:12
[  208106ms] [ERROR] WebSocket connection to 'ws://localhost:8002/ws' failed: Error during WebSocket handshake: Unexpected response code: 403 @ http://localhost:3000/src/hooks/useWebSocket.ts:12
[  208424ms] [ERROR] WebSocket connection to 'ws://localhost:8002/ws' failed: Error during WebSocket handshake: Unexpected response code: 403 @ http://localhost:3000/src/hooks/useWebSocket.ts:12
[  210556ms] [ERROR] WebSocket connection to 'ws://localhost:8002/ws' failed: Error during WebSocket handshake: Unexpected response code: 403 @ http://localhost:3000/src/hooks/useWebSocket.ts:12
[  212039ms] [ERROR] WebSocket connection to 'ws://localhost:8002/ws' failed: Error during WebSocket handshake: Unexpected response code: 403 @ http://localhost:3000/src/hooks/useWebSocket.ts:12
[  212654ms] [ERROR] WebSocket connection to 'ws://localhost:8002/ws' failed: Error during WebSocket handshake: Unexpected response code: 403 @ http://localhost:3000/src/hooks/useWebSocket.ts:12
[  215902ms] [ERROR] WebSocket connection to 'ws://localhost:8002/ws' failed: Error during WebSocket handshake: Unexpected response code: 403 @ http://localhost:3000/src/hooks/useWebSocket.ts:12
[  217751ms] [ERROR] WebSocket connection to 'ws://localhost:8002/ws' failed: Error during WebSocket handshake: Unexpected response code: 403 @ http://localhost:3000/src/hooks/useWebSocket.ts:12
[  218178ms] [ERROR] WebSocket connection to 'ws://localhost:8002/ws' failed: Error during WebSocket handshake: Unexpected response code: 403 @ http://localhost:3000/src/hooks/useWebSocket.ts:12
[  218885ms] [ERROR] WebSocket connection to 'ws://localhost:8002/ws' failed: Error during WebSocket handshake: Unexpected response code: 403 @ http://localhost:3000/src/hooks/useWebSocket.ts:12
[  219729ms] [ERROR] WebSocket connection to 'ws://localhost:8002/ws' failed: Error during WebSocket handshake: Unexpected response code: 403 @ http://localhost:3000/src/hooks/useWebSocket.ts:12
[  221819ms] [ERROR] WebSocket connection to 'ws://localhost:8002/ws' failed: Error during WebSocket handshake: Unexpected response code: 403 @ http://localhost:3000/src/hooks/useWebSocket.ts:12
[  223660ms] [ERROR] WebSocket connection to 'ws://localhost:8002/ws' failed: Error during WebSocket handshake: Unexpected response code: 403 @ http://localhost:3000/src/hooks/useWebSocket.ts:12
[  226828ms] [ERROR] WebSocket connection to 'ws://localhost:8002/ws' failed: Error during WebSocket handshake: Unexpected response code: 403 @ http://localhost:3000/src/hooks/useWebSocket.ts:12
[  227066ms] [ERROR] WebSocket connection to 'ws://localhost:8002/ws' failed: Error during WebSocket handshake: Unexpected response code: 403 @ http://localhost:3000/src/hooks/useWebSocket.ts:12
[  227315ms] [ERROR] WebSocket connection to 'ws://localhost:8002/ws' failed: Error during WebSocket handshake: Unexpected response code: 403 @ http://localhost:3000/src/hooks/useWebSocket.ts:12
[  229589ms] [ERROR] WebSocket connection to 'ws://localhost:8002/ws' failed: Error during WebSocket handshake: Unexpected response code: 403 @ http://localhost:3000/src/hooks/useWebSocket.ts:12
[  230588ms] [ERROR] WebSocket connection to 'ws://localhost:8002/ws' failed: Error during WebSocket handshake: Unexpected response code: 403 @ http://localhost:3000/src/hooks/useWebSocket.ts:12
[  233086ms] [ERROR] WebSocket connection to 'ws://localhost:8002/ws' failed: Error during WebSocket handshake: Unexpected response code: 403 @ http://localhost:3000/src/hooks/useWebSocket.ts:12
[  233353ms] [ERROR] WebSocket connection to 'ws://localhost:8002/ws' failed: Error during WebSocket handshake: Unexpected response code: 403 @ http://localhost:3000/src/hooks/useWebSocket.ts:12
[  235018ms] [ERROR] WebSocket connection to 'ws://localhost:8002/ws' failed: Error during WebSocket handshake: Unexpected response code: 403 @ http://localhost:3000/src/hooks/useWebSocket.ts:12
[  235802ms] [ERROR] WebSocket connection to 'ws://localhost:8002/ws' failed: Error during WebSocket handshake: Unexpected response code: 403 @ http://localhost:3000/src/hooks/useWebSocket.ts:12
[  239284ms] [ERROR] WebSocket connection to 'ws://localhost:8002/ws' failed: Error during WebSocket handshake: Unexpected response code: 403 @ http://localhost:3000/src/hooks/useWebSocket.ts:12
[  239717ms] [ERROR] WebSocket connection to 'ws://localhost:8002/ws' failed: Error during WebSocket handshake: Unexpected response code: 403 @ http://localhost:3000/src/hooks/useWebSocket.ts:12
[  239964ms] [ERROR] WebSocket connection to 'ws://localhost:8002/ws' failed: Error during WebSocket handshake: Unexpected response code: 403 @ http://localhost:3000/src/hooks/useWebSocket.ts:12
[  240898ms] [ERROR] WebSocket connection to 'ws://localhost:8002/ws' failed: Error during WebSocket handshake: Unexpected response code: 403 @ http://localhost:3000/src/hooks/useWebSocket.ts:12
[  242015ms] [ERROR] WebSocket connection to 'ws://localhost:8002/ws' failed: Error during WebSocket handshake: Unexpected response code: 403 @ http://localhost:3000/src/hooks/useWebSocket.ts:12
[  244293ms] [ERROR] WebSocket connection to 'ws://localhost:8002/ws' failed: Error during WebSocket handshake: Unexpected response code: 403 @ http://localhost:3000/src/hooks/useWebSocket.ts:12
[  246106ms] [ERROR] WebSocket connection to 'ws://localhost:8002/ws' failed: Error during WebSocket handshake: Unexpected response code: 403 @ http://localhost:3000/src/hooks/useWebSocket.ts:12
[  247439ms] [ERROR] WebSocket connection to 'ws://localhost:8002/ws' failed: Error during WebSocket handshake: Unexpected response code: 403 @ http://localhost:3000/src/hooks/useWebSocket.ts:12
[  248890ms] [ERROR] WebSocket connection to 'ws://localhost:8002/ws' failed: Error during WebSocket handshake: Unexpected response code: 403 @ http://localhost:3000/src/hooks/useWebSocket.ts:12
[  250024ms] [ERROR] WebSocket connection to 'ws://localhost:8002/ws' failed: Error during WebSocket handshake: Unexpected response code: 403 @ http://localhost:3000/src/hooks/useWebSocket.ts:12
[  252260ms] [ERROR] WebSocket connection to 'ws://localhost:8002/ws' failed: Error during WebSocket handshake: Unexpected response code: 403 @ http://localhost:3000/src/hooks/useWebSocket.ts:12
[  253782ms] [ERROR] WebSocket connection to 'ws://localhost:8002/ws' failed: Error during WebSocket handshake: Unexpected response code: 403 @ http://localhost:3000/src/hooks/useWebSocket.ts:12
[  254538ms] [ERROR] WebSocket connection to 'ws://localhost:8002/ws' failed: Error during WebSocket handshake: Unexpected response code: 403 @ http://localhost:3000/src/hooks/useWebSocket.ts:12
[  256583ms] [ERROR] WebSocket connection to 'ws://localhost:8002/ws' failed: Error during WebSocket handshake: Unexpected response code: 403 @ http://localhost:3000/src/hooks/useWebSocket.ts:12
[  256631ms] [ERROR] WebSocket connection to 'ws://localhost:8002/ws' failed: Error during WebSocket handshake: Unexpected response code: 403 @ http://localhost:3000/src/hooks/useWebSocket.ts:12
[  259116ms] [ERROR] WebSocket connection to 'ws://localhost:8002/ws' failed: Error during WebSocket handshake: Unexpected response code: 403 @ http://localhost:3000/src/hooks/useWebSocket.ts:12
[  260947ms] [ERROR] WebSocket connection to 'ws://localhost:8002/ws' failed: Error during WebSocket handshake: Unexpected response code: 403 @ http://localhost:3000/src/hooks/useWebSocket.ts:12
[  261483ms] [ERROR] WebSocket connection to 'ws://localhost:8002/ws' failed: Error during WebSocket handshake: Unexpected response code: 403 @ http://localhost:3000/src/hooks/useWebSocket.ts:12
[  263360ms] [ERROR] WebSocket connection to 'ws://localhost:8002/ws' failed: Error during WebSocket handshake: Unexpected response code: 403 @ http://localhost:3000/src/hooks/useWebSocket.ts:12
[  263622ms] [ERROR] WebSocket connection to 'ws://localhost:8002/ws' failed: Error during WebSocket handshake: Unexpected response code: 403 @ http://localhost:3000/src/hooks/useWebSocket.ts:12
[  265599ms] [ERROR] WebSocket connection to 'ws://localhost:8002/ws' failed: Error during WebSocket handshake: Unexpected response code: 403 @ http://localhost:3000/src/hooks/useWebSocket.ts:12
[  268254ms] [ERROR] WebSocket connection to 'ws://localhost:8002/ws' failed: Error during WebSocket handshake: Unexpected response code: 403 @ http://localhost:3000/src/hooks/useWebSocket.ts:12
[  268438ms] [ERROR] WebSocket connection to 'ws://localhost:8002/ws' failed: Error during WebSocket handshake: Unexpected response code: 403 @ http://localhost:3000/src/hooks/useWebSocket.ts:12
[  269299ms] [ERROR] WebSocket connection to 'ws://localhost:8002/ws' failed: Error during WebSocket handshake: Unexpected response code: 403 @ http://localhost:3000/src/hooks/useWebSocket.ts:12
[  270702ms] [ERROR] WebSocket connection to 'ws://localhost:8002/ws' failed: Error during WebSocket handshake: Unexpected response code: 403 @ http://localhost:3000/src/hooks/useWebSocket.ts:12
[  271454ms] [ERROR] WebSocket connection to 'ws://localhost:8002/ws' failed: Error during WebSocket handshake: Unexpected response code: 403 @ http://localhost:3000/src/hooks/useWebSocket.ts:12
[  272218ms] [ERROR] WebSocket connection to 'ws://localhost:8002/ws' failed: Error during WebSocket handshake: Unexpected response code: 403 @ http://localhost:3000/src/hooks/useWebSocket.ts:12
[  277254ms] [ERROR] WebSocket connection to 'ws://localhost:8002/ws' failed: Error during WebSocket handshake: Unexpected response code: 403 @ http://localhost:3000/src/hooks/useWebSocket.ts:12
[  278229ms] [ERROR] WebSocket connection to 'ws://localhost:8002/ws' failed: Error during WebSocket handshake: Unexpected response code: 403 @ http://localhost:3000/src/hooks/useWebSocket.ts:12
[  279133ms] [ERROR] WebSocket connection to 'ws://localhost:8002/ws' failed: Error during WebSocket handshake: Unexpected response code: 403 @ http://localhost:3000/src/hooks/useWebSocket.ts:12
[  279466ms] [ERROR] WebSocket connection to 'ws://localhost:8002/ws' failed: Error during WebSocket handshake: Unexpected response code: 403 @ http://localhost:3000/src/hooks/useWebSocket.ts:12
[  280929ms] [ERROR] WebSocket connection to 'ws://localhost:8002/ws' failed: Error during WebSocket handshake: Unexpected response code: 403 @ http://localhost:3000/src/hooks/useWebSocket.ts:12
[  280946ms] [ERROR] WebSocket connection to 'ws://localhost:8002/ws' failed: Error during WebSocket handshake: Unexpected response code: 403 @ http://localhost:3000/src/hooks/useWebSocket.ts:12
[  285868ms] [ERROR] WebSocket connection to 'ws://localhost:8002/ws' failed: Error during WebSocket handshake: Unexpected response code: 403 @ http://localhost:3000/src/hooks/useWebSocket.ts:12
[  285979ms] [ERROR] WebSocket connection to 'ws://localhost:8002/ws' failed: Error during WebSocket handshake: Unexpected response code: 403 @ http://localhost:3000/src/hooks/useWebSocket.ts:12
[  287099ms] [ERROR] WebSocket connection to 'ws://localhost:8002/ws' failed: Error during WebSocket handshake: Unexpected response code: 403 @ http://localhost:3000/src/hooks/useWebSocket.ts:12
[  288924ms] [ERROR] WebSocket connection to 'ws://localhost:8002/ws' failed: Error during WebSocket handshake: Unexpected response code: 403 @ http://localhost:3000/src/hooks/useWebSocket.ts:12
[  289978ms] [ERROR] WebSocket connection to 'ws://localhost:8002/ws' failed: Error during WebSocket handshake: Unexpected response code: 403 @ http://localhost:3000/src/hooks/useWebSocket.ts:12
[  290740ms] [ERROR] WebSocket connection to 'ws://localhost:8002/ws' failed: Error during WebSocket handshake: Unexpected response code: 403 @ http://localhost:3000/src/hooks/useWebSocket.ts:12
[  293118ms] [ERROR] WebSocket connection to 'ws://localhost:8002/ws' failed: Error during WebSocket handshake: Unexpected response code: 403 @ http://localhost:3000/src/hooks/useWebSocket.ts:12
[  294458ms] [ERROR] WebSocket connection to 'ws://localhost:8002/ws' failed: Error during WebSocket handshake: Unexpected response code: 403 @ http://localhost:3000/src/hooks/useWebSocket.ts:12
[  296665ms] [ERROR] WebSocket connection to 'ws://localhost:8002/ws' failed: Error during WebSocket handshake: Unexpected response code: 403 @ http://localhost:3000/src/hooks/useWebSocket.ts:12
[  297663ms] [ERROR] WebSocket connection to 'ws://localhost:8002/ws' failed: Error during WebSocket handshake: Unexpected response code: 403 @ http://localhost:3000/src/hooks/useWebSocket.ts:12
[  300110ms] [INFO] %cDownload the React DevTools for a better development experience: https://reactjs.org/link/react-devtools font-weight:bold @ http://localhost:3000/node_modules/.vite/deps/chunk-PJEEZAML.js?v=33aa3aa2:21550
[  303081ms] [ERROR] WebSocket connection to 'ws://localhost:8002/ws' failed: Error during WebSocket handshake: Unexpected response code: 403 @ http://localhost:3000/src/hooks/useWebSocket.ts:12
